0
0 0 0 0 0 0 0 0 0 0 0 0 0 0 0 0 0 0 0 0 0 0 0 0 0 0 0 0 0 0 0 0 
4
0 0 131072 0 0 0 0 0 0 0 0 0 0 0 0 0 0 0 0 0 0 0 0 0 0 0 0 0 0 0 0 0 
4164
0 8 131072 0 0 0 0 0 0 0 0 0 0 0 0 0 0 0 0 0 0 0 0 0 0 0 0 0 0 0 0 0 
4168
0 8 130880 0 0 0 0 0 0 0 0 0 0 0 0 0 0 0 0 0 0 0 0 0 0 0 0 0 0 0 0 0 
4172
0 8 130880 0 0 0 0 0 0 0 0 0 0 0 0 0 0 0 0 0 0 0 0 0 0 0 0 0 0 0 0 0 
4176
0 8 130880 0 0 0 0 0 0 0 0 0 0 0 0 0 0 0 0 0 0 0 0 0 0 0 0 0 0 0 0 0 
4180
0 8 130880 0 0 0 0 0 0 0 0 0 0 0 0 0 0 0 0 0 0 0 0 0 0 0 0 0 0 0 0 0 
4184
0 8 130880 0 0 0 0 0 0 0 0 0 0 0 0 0 0 0 0 0 0 0 0 0 0 0 0 0 0 0 0 0 
4188
0 8 130880 0 0 0 0 0 0 0 0 0 0 0 0 0 0 0 0 0 0 0 0 0 0 0 0 0 0 0 0 0 
4192
0 8 130880 0 0 0 0 0 0 0 0 0 0 0 0 0 0 0 0 0 0 0 0 0 0 0 0 0 0 0 0 0 
4196
0 8 130880 0 0 0 0 0 0 0 0 0 0 0 0 0 0 0 0 0 0 0 0 0 0 0 0 0 0 0 0 0 
4200
0 8 130880 0 0 0 0 0 0 0 0 0 0 0 0 0 0 0 0 0 0 0 0 0 0 0 0 0 0 0 0 0 
4204
0 8 130880 0 0 0 0 0 0 0 0 0 0 0 0 0 0 0 0 0 0 0 0 0 0 0 0 0 0 0 0 0 
4208
0 8 130880 0 0 0 0 0 0 0 0 0 0 0 0 0 0 0 0 0 0 0 0 0 0 0 0 0 0 0 0 0 
4212
0 8 130880 0 0 0 0 0 0 0 0 0 0 0 0 0 0 0 0 0 0 0 0 0 0 0 0 0 0 0 0 0 
4216
0 8 130880 0 0 0 0 0 0 0 0 0 0 0 0 0 0 0 0 0 0 0 0 0 0 0 0 0 0 0 0 0 
4220
0 8 130880 0 0 0 0 0 0 0 0 0 0 0 0 0 0 0 0 0 0 0 0 0 0 0 0 0 0 0 0 0 
4224
0 8 130880 0 0 0 0 0 0 0 0 0 0 0 0 4096 0 0 0 0 0 0 0 0 0 0 0 0 0 0 0 0 
4228
0 8 130880 0 0 0 0 0 0 0 0 0 0 0 10 4096 0 0 0 0 0 0 0 0 0 0 0 0 0 0 0 0 
4232
0 8 130880 0 0 0 0 0 0 0 0 0 0 0 10 4096 0 0 0 0 0 0 0 0 0 0 0 0 0 0 0 0 
4236
0 8 130880 0 0 0 0 0 0 0 0 0 0 0 10 4096 0 0 0 0 0 0 0 0 0 0 0 0 0 0 0 0 
4240
0 8 130880 0 0 0 0 0 0 0 0 0 0 0 10 4872 0 0 0 0 0 0 0 0 0 0 0 0 0 0 0 0 
4244
0 8 130880 0 0 0 0 0 0 0 0 0 0 4916 10 4872 0 0 0 0 0 0 0 0 0 0 0 0 0 0 0 0 
4248
0 8 130880 0 0 0 0 0 0 0 0 0 0 4916 1 4872 0 0 0 0 0 0 0 0 0 0 0 0 0 0 0 0 
4252
0 8 130880 0 0 0 0 0 0 0 0 0 0 4916 1 4872 0 0 0 0 0 0 0 0 0 0 0 0 0 0 0 0 
4256
0 8 130880 0 0 0 0 0 0 0 0 0 0 4916 1 4876 0 0 0 0 0 0 0 0 0 0 0 0 0 0 0 0 
4248
0 8 130880 0 0 0 0 0 0 0 0 0 0 4916 1 4876 0 0 0 0 0 0 0 0 0 0 0 0 0 0 0 0 
4252
0 8 130880 0 0 0 0 0 0 0 0 0 0 4916 1 4876 0 0 0 0 0 0 0 0 0 0 0 0 0 0 0 0 
4256
0 8 130880 0 0 0 0 0 0 0 0 0 0 4916 1 4880 0 0 0 0 0 0 0 0 0 0 0 0 0 0 0 0 
4248
0 8 130880 0 0 0 0 0 0 0 0 0 0 4916 1 4880 0 0 0 0 0 0 0 0 0 0 0 0 0 0 0 0 
4252
0 8 130880 0 0 0 0 0 0 0 0 0 0 4916 1 4880 0 0 0 0 0 0 0 0 0 0 0 0 0 0 0 0 
4256
0 8 130880 0 0 0 0 0 0 0 0 0 0 4916 1 4884 0 0 0 0 0 0 0 0 0 0 0 0 0 0 0 0 
4248
0 8 130880 0 0 0 0 0 0 0 0 0 0 4916 1 4884 0 0 0 0 0 0 0 0 0 0 0 0 0 0 0 0 
4252
0 8 130880 0 0 0 0 0 0 0 0 0 0 4916 1 4884 0 0 0 0 0 0 0 0 0 0 0 0 0 0 0 0 
4256
0 8 130880 0 0 0 0 0 0 0 0 0 0 4916 1 4888 0 0 0 0 0 0 0 0 0 0 0 0 0 0 0 0 
4248
0 8 130880 0 0 0 0 0 0 0 0 0 0 4916 1 4888 0 0 0 0 0 0 0 0 0 0 0 0 0 0 0 0 
4252
0 8 130880 0 0 0 0 0 0 0 0 0 0 4916 1 4888 0 0 0 0 0 0 0 0 0 0 0 0 0 0 0 0 
4256
0 8 130880 0 0 0 0 0 0 0 0 0 0 4916 1 4892 0 0 0 0 0 0 0 0 0 0 0 0 0 0 0 0 
4248
0 8 130880 0 0 0 0 0 0 0 0 0 0 4916 1 4892 0 0 0 0 0 0 0 0 0 0 0 0 0 0 0 0 
4252
0 8 130880 0 0 0 0 0 0 0 0 0 0 4916 1 4892 0 0 0 0 0 0 0 0 0 0 0 0 0 0 0 0 
4256
0 8 130880 0 0 0 0 0 0 0 0 0 0 4916 1 4896 0 0 0 0 0 0 0 0 0 0 0 0 0 0 0 0 
4248
0 8 130880 0 0 0 0 0 0 0 0 0 0 4916 1 4896 0 0 0 0 0 0 0 0 0 0 0 0 0 0 0 0 
4252
0 8 130880 0 0 0 0 0 0 0 0 0 0 4916 1 4896 0 0 0 0 0 0 0 0 0 0 0 0 0 0 0 0 
4256
0 8 130880 0 0 0 0 0 0 0 0 0 0 4916 1 4900 0 0 0 0 0 0 0 0 0 0 0 0 0 0 0 0 
4248
0 8 130880 0 0 0 0 0 0 0 0 0 0 4916 1 4900 0 0 0 0 0 0 0 0 0 0 0 0 0 0 0 0 
4252
0 8 130880 0 0 0 0 0 0 0 0 0 0 4916 1 4900 0 0 0 0 0 0 0 0 0 0 0 0 0 0 0 0 
4256
0 8 130880 0 0 0 0 0 0 0 0 0 0 4916 1 4904 0 0 0 0 0 0 0 0 0 0 0 0 0 0 0 0 
4248
0 8 130880 0 0 0 0 0 0 0 0 0 0 4916 1 4904 0 0 0 0 0 0 0 0 0 0 0 0 0 0 0 0 
4252
0 8 130880 0 0 0 0 0 0 0 0 0 0 4916 1 4904 0 0 0 0 0 0 0 0 0 0 0 0 0 0 0 0 
4256
0 8 130880 0 0 0 0 0 0 0 0 0 0 4916 1 4908 0 0 0 0 0 0 0 0 0 0 0 0 0 0 0 0 
4248
0 8 130880 0 0 0 0 0 0 0 0 0 0 4916 1 4908 0 0 0 0 0 0 0 0 0 0 0 0 0 0 0 0 
4252
0 8 130880 0 0 0 0 0 0 0 0 0 0 4916 1 4908 0 0 0 0 0 0 0 0 0 0 0 0 0 0 0 0 
4256
0 8 130880 0 0 0 0 0 0 0 0 0 0 4916 1 4912 0 0 0 0 0 0 0 0 0 0 0 0 0 0 0 0 
4248
0 8 130880 0 0 0 0 0 0 0 0 0 0 4916 1 4912 0 0 0 0 0 0 0 0 0 0 0 0 0 0 0 0 
4252
0 8 130880 0 0 0 0 0 0 0 0 0 0 4916 1 4912 0 0 0 0 0 0 0 0 0 0 0 0 0 0 0 0 
4256
0 8 130880 0 0 0 0 0 0 0 0 0 0 4916 1 4916 0 0 0 0 0 0 0 0 0 0 0 0 0 0 0 0 
4260
0 8 130880 0 0 0 0 0 0 0 0 0 0 4916 1 4916 0 0 0 0 0 0 0 0 0 0 0 0 0 0 0 0 
4264
0 8 130880 0 0 0 0 0 0 0 0 0 0 4916 1 1 0 0 0 0 0 0 0 0 0 0 0 0 0 0 0 0 
4268
0 8 130880 0 0 0 0 0 0 0 0 0 0 4916 1 1 0 0 0 0 0 0 0 0 0 0 0 0 0 0 0 0 
4272
0 8 130880 0 0 0 0 0 0 0 0 0 0 4916 1 1 0 0 0 0 0 0 0 0 0 4096 0 0 0 0 0 0 
4276
0 8 130880 0 0 0 0 0 0 0 0 0 0 4916 1 1 0 0 0 0 0 0 0 0 0 4880 0 0 0 0 0 0 
4280
0 8 130880 0 0 0 0 0 0 0 0 0 0 4916 1 1 0 0 0 0 0 130956 0 0 0 4880 0 0 0 0 0 0 
4284
0 8 130880 0 0 0 0 0 0 0 0 0 0 4916 1 1 0 0 0 0 2 130956 0 0 0 4880 0 0 0 0 0 0 
4288
0 8 130880 0 0 0 0 0 0 0 0 0 0 4916 1 1 0 0 0 0 2 130956 10 0 0 4880 0 0 0 0 0 0 
4292
0 8 130880 0 0 0 0 0 0 0 0 0 0 4916 1 1 0 0 0 0 2 130956 10 0 0 4880 4096 0 0 0 0 0 
4296
0 8 130880 0 0 0 0 0 0 0 0 0 0 4916 1 1 0 0 0 0 2 130956 10 0 4096 4880 4096 0 0 0 0 0 
4300
0 8 130880 0 0 0 0 0 0 0 0 0 0 4916 1 1 0 0 0 0 2 130956 10 0 4872 4880 4096 0 0 0 0 0 
4304
0 8 130880 0 0 0 0 0 0 0 0 0 0 4916 1 1 0 0 0 0 2 130956 10 0 4872 4880 4096 4096 0 0 0 0 
4364
0 8 130880 0 0 0 0 0 0 0 0 0 0 4916 1 1 0 0 0 0 2 130956 10 0 4872 4880 4096 4096 0 0 0 0 
4368
0 8 130880 0 0 0 0 0 0 0 0 0 0 4916 1 1 0 0 0 0 2 130956 10 0 4872 4880 4096 4096 0 0 0 0 
4372
0 8 130880 0 0 0 0 0 0 0 0 0 0 4916 1 1 0 0 0 0 2 130956 10 0 4872 4880 4096 4096 0 0 0 0 
4376
0 8 130880 0 0 0 0 0 0 0 0 0 0 4916 1 0 0 0 0 0 2 130956 10 0 4872 4880 4096 4096 0 0 0 0 
4380
0 8 130880 0 0 0 0 0 0 0 0 0 0 4916 1 1 0 0 0 0 2 130956 10 0 4872 4880 4096 4096 0 0 0 0 
4384
0 8 130880 0 0 0 0 0 0 0 0 0 0 4916 1 1 0 0 0 0 2 130956 10 0 4872 4880 4096 4096 0 0 0 0 
4388
0 8 130880 0 0 0 0 0 0 0 0 0 0 4916 1 4 0 0 0 0 2 130956 10 0 4872 4880 4096 4096 0 0 0 0 
4392
0 8 130880 0 0 0 0 0 0 0 0 0 0 4916 131008 4 0 0 0 0 2 130956 10 0 4872 4880 4096 4096 0 0 0 0 
4396
0 8 130880 0 0 0 0 0 0 0 0 0 0 4916 131008 131012 0 0 0 0 2 130956 10 0 4872 4880 4096 4096 0 0 0 0 
4400
0 8 130880 0 0 0 0 0 0 0 0 0 0 4916 131008 131012 0 0 0 0 2 130956 10 0 4872 4880 4096 4096 0 0 0 0 
4404
0 8 130880 0 0 0 0 0 0 0 0 0 0 4916 131008 1 0 0 0 0 2 130956 10 0 4872 4880 4096 4096 0 0 0 0 
4408
0 8 130880 0 0 0 0 0 0 0 0 0 0 4916 131008 1 0 0 0 0 2 130956 10 0 4872 4880 4096 4096 0 0 0 0 
4412
0 8 130880 0 0 0 0 0 0 0 0 0 0 4916 131008 1 0 0 0 0 2 130956 10 1 4872 4880 4096 4096 0 0 0 0 
4416
0 8 130880 0 0 0 0 0 0 0 0 0 0 4916 131008 1 0 0 0 0 2 130956 10 1 4872 4880 4096 4096 0 0 0 0 
4420
0 8 130880 0 0 0 0 0 0 2 0 0 0 4916 131008 1 0 0 0 0 2 130956 10 1 4872 4880 4096 4096 0 0 0 0 
4424
0 8 130880 0 0 0 0 0 0 2 0 2 0 4916 131008 1 0 0 0 0 2 130956 10 1 4872 4880 4096 4096 0 0 0 0 
4428
0 8 130880 0 0 0 0 0 0 2 2 2 0 4916 131008 1 0 0 0 0 2 130956 10 1 4872 4880 4096 4096 0 0 0 0 
4648
0 4432 130880 0 0 0 0 0 0 2 2 2 0 4916 131008 1 0 0 0 0 2 130956 10 1 4872 4880 4096 4096 0 0 0 0 
4652
0 4432 130880 0 0 0 0 0 0 2 2 2 2 4916 131008 1 0 0 0 0 2 130956 10 1 4872 4880 4096 4096 0 0 0 0 
4656
0 4432 130880 0 0 0 0 0 0 2 0 2 2 4916 131008 1 0 0 0 0 2 130956 10 1 4872 4880 4096 4096 0 0 0 0 
4660
0 4432 130880 0 0 0 0 0 0 2 0 2 2 0 131008 1 0 0 0 0 2 130956 10 1 4872 4880 4096 4096 0 0 0 0 
4668
0 4432 130880 0 0 0 0 0 0 2 0 2 2 0 131008 1 0 0 0 0 2 130956 10 1 4872 4880 4096 4096 0 0 0 0 
4672
0 4432 130880 0 0 0 0 0 0 2 0 1 2 0 131008 1 0 0 0 0 2 130956 10 1 4872 4880 4096 4096 0 0 0 0 
4676
0 4432 130880 0 0 0 0 0 0 2 0 1 4 0 131008 1 0 0 0 0 2 130956 10 1 4872 4880 4096 4096 0 0 0 0 
4656
0 4432 130880 0 0 0 0 0 0 2 0 1 4 0 131008 1 0 0 0 0 2 130956 10 1 4872 4880 4096 4096 0 0 0 0 
4660
0 4432 130880 0 0 0 0 0 0 2 0 1 4 1 131008 1 0 0 0 0 2 130956 10 1 4872 4880 4096 4096 0 0 0 0 
4664
0 4432 130880 0 0 0 0 0 0 2 0 1 4 1 131008 1 0 0 0 0 2 130956 10 1 4872 4880 4096 4096 0 0 0 0 
4668
0 4432 130880 0 0 0 0 0 0 2 4 1 4 1 131008 1 0 0 0 0 2 130956 10 1 4872 4880 4096 4096 0 0 0 0 
4672
0 4432 130880 0 0 0 0 0 0 2 4 0 4 1 131008 1 0 0 0 0 2 130956 10 1 4872 4880 4096 4096 0 0 0 0 
4676
0 4432 130880 0 0 0 0 0 0 2 4 0 8 1 131008 1 0 0 0 0 2 130956 10 1 4872 4880 4096 4096 0 0 0 0 
4680
0 4432 130880 0 0 0 0 0 0 2 4 0 8 1 131008 1 0 0 0 0 2 130956 10 1 4872 4880 4096 4096 0 0 0 0 
4432
0 4432 130880 0 0 0 0 0 0 2 4 0 8 1 131008 1 0 0 0 0 2 130956 10 1 4872 4880 4096 4096 0 0 0 0 
4436
0 4432 130880 0 0 0 0 0 4 2 4 0 8 1 131008 1 0 0 0 0 2 130956 10 1 4872 4880 4096 4096 0 0 0 0 
4440
0 4432 130880 0 0 0 0 0 4 2 4 0 8 1 131008 1 0 0 0 0 2 130956 10 1 4872 4880 4096 4096 0 0 0 0 
4444
0 4432 130880 0 0 0 0 0 4 2 4 0 8 1 131008 16 0 0 0 0 2 130956 10 1 4872 4880 4096 4096 0 0 0 0 
4448
0 4432 130880 0 0 0 0 0 4 2 4 0 8 1 131008 4888 0 0 0 0 2 130956 10 1 4872 4880 4096 4096 0 0 0 0 
4452
0 4432 130880 0 0 0 0 0 4 2 4 0 8 1 131008 4888 0 0 0 0 2 130956 10 1 4872 4880 4096 4096 0 0 0 0 
4456
0 4432 130880 0 0 0 0 0 4 2 4 2 8 1 131008 4888 0 0 0 0 2 130956 10 1 4872 4880 4096 4096 0 0 0 0 
4460
0 4432 130880 0 0 0 0 0 4 2 2 2 8 1 131008 4888 0 0 0 0 2 130956 10 1 4872 4880 4096 4096 0 0 0 0 
4816
0 4464 130880 0 0 0 0 0 4 2 2 2 8 1 131008 4888 0 0 0 0 2 130956 10 1 4872 4880 4096 4096 0 0 0 0 
4820
0 4464 130880 0 0 4464 0 0 4 2 2 2 8 1 131008 4888 0 0 0 0 2 130956 10 1 4872 4880 4096 4096 0 0 0 0 
4824
0 4464 130880 0 0 4464 0 0 4 2 2 2 8 1 131008 4888 0 0 0 0 2 130956 10 1 4872 4880 4096 4096 0 0 0 0 
4828
0 4464 130880 0 0 4464 0 0 4 2 2 2 8 1 131008 4888 0 0 0 0 2 130956 10 1 4872 4880 4096 4096 0 0 0 0 
4692
0 4832 130880 0 0 4464 0 0 4 2 2 2 8 1 131008 4888 0 0 0 0 2 130956 10 1 4872 4880 4096 4096 0 0 0 0 
4696
0 4832 130880 0 0 4464 0 0 4 2 2 2 2 1 131008 4888 0 0 0 0 2 130956 10 1 4872 4880 4096 4096 0 0 0 0 
4700
0 4832 130880 0 0 4464 0 0 4 2 2 2 2 1 131008 4888 0 0 0 0 2 130956 10 1 4872 4880 4096 4096 0 0 0 0 
4704
0 4832 130880 0 0 4464 0 0 4 2 -1 2 2 1 131008 4888 0 0 0 0 2 130956 10 1 4872 4880 4096 4096 0 0 0 0 
4708
0 4832 130880 0 0 4464 0 0 4 2 -1 2 2 1 131008 4888 0 0 0 0 2 130956 10 1 4872 4880 4096 4096 0 0 0 0 
4712
0 4832 130880 0 0 4464 0 0 4 2 -1 2 2 1 131008 4888 0 0 0 0 2 130956 10 1 4872 4880 4096 4096 0 0 0 0 
4732
0 4832 130880 0 0 4464 0 0 4 2 -1 2 2 1 131008 4888 0 0 0 0 2 130956 10 1 4872 4880 4096 4096 0 0 0 0 
4736
0 4832 130880 0 0 4464 0 0 4 2 0 2 2 1 131008 4888 0 0 0 0 2 130956 10 1 4872 4880 4096 4096 0 0 0 0 
4740
0 4832 130880 0 0 4464 0 0 4 2 0 2 2 1 131008 4888 0 0 0 0 2 130956 10 1 4872 4880 4096 4096 0 0 0 0 
4744
0 4832 130880 0 0 4464 0 0 4 2 0 0 2 1 131008 4888 0 0 0 0 2 130956 10 1 4872 4880 4096 4096 0 0 0 0 
4748
0 4832 130880 0 0 4464 0 0 4 2 1 0 2 1 131008 4888 0 0 0 0 2 130956 10 1 4872 4880 4096 4096 0 0 0 0 
4752
0 4832 130880 0 0 4464 0 0 4 2 1 0 2 0 131008 4888 0 0 0 0 2 130956 10 1 4872 4880 4096 4096 0 0 0 0 
4756
0 4832 130880 0 0 4464 0 0 4 2 1 0 1 0 131008 4888 0 0 0 0 2 130956 10 1 4872 4880 4096 4096 0 0 0 0 
4760
0 4832 130880 0 0 4464 0 0 4 2 1 0 1 0 131008 4888 0 0 0 0 2 130956 10 1 4872 4880 4096 4096 0 0 0 0 
4832
0 4832 130880 0 0 4464 0 0 4 2 1 0 1 0 131008 4888 0 0 0 0 2 130956 10 1 4872 4880 4096 4096 0 0 0 0 
4836
0 4832 130880 0 0 4464 0 0 4 2 0 0 1 0 131008 4888 0 0 0 0 2 130956 10 1 4872 4880 4096 4096 0 0 0 0 
4464
0 4832 130880 0 0 4464 0 0 4 2 0 0 1 0 131008 4888 0 0 0 0 2 130956 10 1 4872 4880 4096 4096 0 0 0 0 
4468
0 4832 130880 0 0 4464 0 0 4 2 0 0 1 0 131008 4888 0 0 0 130896 2 130956 10 1 4872 4880 4096 4096 0 0 0 0 
4472
0 4832 130880 0 0 4464 0 0 4 2 0 0 1 0 131008 4888 0 0 1 130896 2 130956 10 1 4872 4880 4096 4096 0 0 0 0 
4308
0 4832 130880 0 0 4464 0 0 4 2 0 0 1 0 131008 4888 0 0 1 130896 2 130956 10 1 4872 4880 4096 4096 0 0 0 0 
4312
0 4832 130880 0 0 4464 0 0 16 2 0 0 1 0 131008 4888 0 0 1 130896 2 130956 10 1 4872 4880 4096 4096 0 0 0 0 
4316
0 4832 130880 0 0 4464 0 0 16 2 0 0 1 0 131008 131008 0 0 1 130896 2 130956 10 1 4872 4880 4096 4096 0 0 0 0 
4320
0 4832 130880 0 0 4464 0 0 131024 2 0 0 1 0 131008 131008 0 0 1 130896 2 130956 10 1 4872 4880 4096 4096 0 0 0 0 
4324
0 4832 130880 0 0 4464 0 0 131024 2 0 2 1 0 131008 131008 0 0 1 130896 2 130956 10 1 4872 4880 4096 4096 0 0 0 0 
4328
0 4832 130880 0 0 4464 0 0 131024 2 1 2 1 0 131008 131008 0 0 1 130896 2 130956 10 1 4872 4880 4096 4096 0 0 0 0 
4648
0 4332 130880 0 0 4464 0 0 131024 2 1 2 1 0 131008 131008 0 0 1 130896 2 130956 10 1 4872 4880 4096 4096 0 0 0 0 
4652
0 4332 130880 0 0 4464 0 0 131024 2 1 2 1 0 131008 131008 0 0 1 130896 2 130956 10 1 4872 4880 4096 4096 0 0 0 0 
4656
0 4332 130880 0 0 4464 0 0 131024 2 0 2 1 0 131008 131008 0 0 1 130896 2 130956 10 1 4872 4880 4096 4096 0 0 0 0 
4660
0 4332 130880 0 0 4464 0 0 131024 2 0 2 1 0 131008 131008 0 0 1 130896 2 130956 10 1 4872 4880 4096 4096 0 0 0 0 
4668
0 4332 130880 0 0 4464 0 0 131024 2 0 2 1 0 131008 131008 0 0 1 130896 2 130956 10 1 4872 4880 4096 4096 0 0 0 0 
4672
0 4332 130880 0 0 4464 0 0 131024 2 0 1 1 0 131008 131008 0 0 1 130896 2 130956 10 1 4872 4880 4096 4096 0 0 0 0 
4676
0 4332 130880 0 0 4464 0 0 131024 2 0 1 2 0 131008 131008 0 0 1 130896 2 130956 10 1 4872 4880 4096 4096 0 0 0 0 
4656
0 4332 130880 0 0 4464 0 0 131024 2 0 1 2 0 131008 131008 0 0 1 130896 2 130956 10 1 4872 4880 4096 4096 0 0 0 0 
4660
0 4332 130880 0 0 4464 0 0 131024 2 0 1 2 1 131008 131008 0 0 1 130896 2 130956 10 1 4872 4880 4096 4096 0 0 0 0 
4664
0 4332 130880 0 0 4464 0 0 131024 2 0 1 2 1 131008 131008 0 0 1 130896 2 130956 10 1 4872 4880 4096 4096 0 0 0 0 
4668
0 4332 130880 0 0 4464 0 0 131024 2 2 1 2 1 131008 131008 0 0 1 130896 2 130956 10 1 4872 4880 4096 4096 0 0 0 0 
4672
0 4332 130880 0 0 4464 0 0 131024 2 2 0 2 1 131008 131008 0 0 1 130896 2 130956 10 1 4872 4880 4096 4096 0 0 0 0 
4676
0 4332 130880 0 0 4464 0 0 131024 2 2 0 4 1 131008 131008 0 0 1 130896 2 130956 10 1 4872 4880 4096 4096 0 0 0 0 
4680
0 4332 130880 0 0 4464 0 0 131024 2 2 0 4 1 131008 131008 0 0 1 130896 2 130956 10 1 4872 4880 4096 4096 0 0 0 0 
4332
0 4332 130880 0 0 4464 0 0 131024 2 2 0 4 1 131008 131008 0 0 1 130896 2 130956 10 1 4872 4880 4096 4096 0 0 0 0 
4336
0 4332 130880 0 0 4464 0 0 131024 2 2 0 4 1 131008 131008 0 0 1 130896 2 130956 10 1 4872 4880 4096 4096 0 0 0 0 
4340
0 4332 130880 0 0 4464 0 0 131024 2 1 0 4 1 131008 131008 0 0 1 130896 2 130956 10 1 4872 4880 4096 4096 0 0 0 0 
4096
0 4344 130880 0 0 4464 0 0 131024 2 1 0 4 1 131008 131008 0 0 1 130896 2 130956 10 1 4872 4880 4096 4096 0 0 0 0 
4100
0 4344 130880 0 0 4464 0 0 131024 2 1 0 4 1 4096 131008 0 0 1 130896 2 130956 10 1 4872 4880 4096 4096 0 0 0 0 
4104
0 4344 130880 0 0 4464 0 0 131024 2 1 0 4 1 4096 0 0 0 1 130896 2 130956 10 1 4872 4880 4096 4096 0 0 0 0 
4108
0 4344 130880 0 0 4464 0 0 131024 2 1 0 4 1 4096 0 0 0 1 130896 2 130956 10 1 4872 4880 4096 4096 0 0 0 0 
4112
0 4344 130880 0 0 4464 0 0 131024 2 174 0 4 1 4096 0 0 0 1 130896 2 130956 10 1 4872 4880 4096 4096 0 0 0 0 
4116
0 4344 130880 0 0 4464 0 0 131024 2 174 0 4 1 4096 0 0 0 1 130896 2 130956 10 1 4872 4880 4096 4096 0 0 0 0 
4344
0 4344 130880 0 0 4464 0 0 131024 2 174 0 4 1 4096 0 0 0 1 130896 2 130956 10 1 4872 4880 4096 4096 0 0 0 0 
4348
0 4344 130880 0 0 4464 0 0 131024 2 174 0 4 1 4096 0 0 0 1 130896 3 130956 10 1 4872 4880 4096 4096 0 0 0 0 
4352
0 4344 130880 0 0 4464 0 0 131024 2 174 0 4 1 4096 0 0 0 1 130896 3 130956 10 1 4872 4880 4096 4096 0 0 0 0 
4356
0 4344 130880 0 0 4464 0 0 131024 2 174 0 4 1 4096 0 0 0 1 130896 3 130956 10 1 4872 4884 4096 4096 0 0 0 0 
4360
0 4344 130880 0 0 4464 0 0 131024 2 174 0 4 1 4096 0 0 0 1 130896 3 130960 10 1 4872 4884 4096 4096 0 0 0 0 
4364
0 4344 130880 0 0 4464 0 0 131024 2 174 0 4 1 4096 0 0 0 1 130896 3 130960 10 1 4872 4884 4096 4096 0 0 0 0 
4368
0 4344 130880 0 0 4464 0 0 131024 2 174 0 4 1 4096 1 0 0 1 130896 3 130960 10 1 4872 4884 4096 4096 0 0 0 0 
4372
0 4344 130880 0 0 4464 0 0 131024 2 174 0 4 1 4096 1 0 0 1 130896 3 130960 10 1 4872 4884 4096 4096 0 0 0 0 
4376
0 4344 130880 0 0 4464 0 0 131024 2 174 0 4 1 4096 1 0 0 1 130896 3 130960 10 1 4872 4884 4096 4096 0 0 0 0 
4380
0 4344 130880 0 0 4464 0 0 131024 2 174 0 4 1 4096 2 0 0 1 130896 3 130960 10 1 4872 4884 4096 4096 0 0 0 0 
4384
0 4344 130880 0 0 4464 0 0 131024 2 174 0 4 1 4096 2 0 0 1 130896 3 130960 10 1 4872 4884 4096 4096 0 0 0 0 
4388
0 4344 130880 0 0 4464 0 0 131024 2 174 0 4 1 4096 8 0 0 1 130896 3 130960 10 1 4872 4884 4096 4096 0 0 0 0 
4392
0 4344 130880 0 0 4464 0 0 131024 2 174 0 4 1 131008 8 0 0 1 130896 3 130960 10 1 4872 4884 4096 4096 0 0 0 0 
4396
0 4344 130880 0 0 4464 0 0 131024 2 174 0 4 1 131008 131016 0 0 1 130896 3 130960 10 1 4872 4884 4096 4096 0 0 0 0 
4400
0 4344 130880 0 0 4464 0 0 131024 2 174 0 4 1 131008 131016 0 0 1 130896 3 130960 10 1 4872 4884 4096 4096 0 0 0 0 
4404
0 4344 130880 0 0 4464 0 0 131024 2 174 0 4 1 131008 2 0 0 1 130896 3 130960 10 1 4872 4884 4096 4096 0 0 0 0 
4408
0 4344 130880 0 0 4464 0 0 131024 2 174 0 4 1 131008 2 0 0 1 130896 3 130960 10 1 4872 4884 4096 4096 0 0 0 0 
4412
0 4344 130880 0 0 4464 0 0 131024 2 174 0 4 1 131008 2 0 0 1 130896 3 130960 10 2 4872 4884 4096 4096 0 0 0 0 
4416
0 4344 130880 0 0 4464 0 0 131024 2 174 0 4 1 131008 2 0 0 1 130896 3 130960 10 2 4872 4884 4096 4096 0 0 0 0 
4420
0 4344 130880 0 0 4464 0 0 131024 2 174 0 4 1 131008 2 0 0 1 130896 3 130960 10 2 4872 4884 4096 4096 0 0 0 0 
4424
0 4344 130880 0 0 4464 0 0 131024 2 174 3 4 1 131008 2 0 0 1 130896 3 130960 10 2 4872 4884 4096 4096 0 0 0 0 
4428
0 4344 130880 0 0 4464 0 0 131024 2 2 3 4 1 131008 2 0 0 1 130896 3 130960 10 2 4872 4884 4096 4096 0 0 0 0 
4648
0 4432 130880 0 0 4464 0 0 131024 2 2 3 4 1 131008 2 0 0 1 130896 3 130960 10 2 4872 4884 4096 4096 0 0 0 0 
4652
0 4432 130880 0 0 4464 0 0 131024 2 2 3 2 1 131008 2 0 0 1 130896 3 130960 10 2 4872 4884 4096 4096 0 0 0 0 
4656
0 4432 130880 0 0 4464 0 0 131024 2 0 3 2 1 131008 2 0 0 1 130896 3 130960 10 2 4872 4884 4096 4096 0 0 0 0 
4660
0 4432 130880 0 0 4464 0 0 131024 2 0 3 2 1 131008 2 0 0 1 130896 3 130960 10 2 4872 4884 4096 4096 0 0 0 0 
4664
0 4432 130880 0 0 4464 0 0 131024 2 0 3 2 1 131008 2 0 0 1 130896 3 130960 10 2 4872 4884 4096 4096 0 0 0 0 
4668
0 4432 130880 0 0 4464 0 0 131024 2 2 3 2 1 131008 2 0 0 1 130896 3 130960 10 2 4872 4884 4096 4096 0 0 0 0 
4672
0 4432 130880 0 0 4464 0 0 131024 2 2 1 2 1 131008 2 0 0 1 130896 3 130960 10 2 4872 4884 4096 4096 0 0 0 0 
4676
0 4432 130880 0 0 4464 0 0 131024 2 2 1 4 1 131008 2 0 0 1 130896 3 130960 10 2 4872 4884 4096 4096 0 0 0 0 
4656
0 4432 130880 0 0 4464 0 0 131024 2 2 1 4 1 131008 2 0 0 1 130896 3 130960 10 2 4872 4884 4096 4096 0 0 0 0 
4660
0 4432 130880 0 0 4464 0 0 131024 2 2 1 4 1 131008 2 0 0 1 130896 3 130960 10 2 4872 4884 4096 4096 0 0 0 0 
4664
0 4432 130880 0 0 4464 0 0 131024 2 2 1 4 1 131008 2 0 0 1 130896 3 130960 10 2 4872 4884 4096 4096 0 0 0 0 
4668
0 4432 130880 0 0 4464 0 0 131024 2 6 1 4 1 131008 2 0 0 1 130896 3 130960 10 2 4872 4884 4096 4096 0 0 0 0 
4672
0 4432 130880 0 0 4464 0 0 131024 2 6 0 4 1 131008 2 0 0 1 130896 3 130960 10 2 4872 4884 4096 4096 0 0 0 0 
4676
0 4432 130880 0 0 4464 0 0 131024 2 6 0 8 1 131008 2 0 0 1 130896 3 130960 10 2 4872 4884 4096 4096 0 0 0 0 
4680
0 4432 130880 0 0 4464 0 0 131024 2 6 0 8 1 131008 2 0 0 1 130896 3 130960 10 2 4872 4884 4096 4096 0 0 0 0 
4432
0 4432 130880 0 0 4464 0 0 131024 2 6 0 8 1 131008 2 0 0 1 130896 3 130960 10 2 4872 4884 4096 4096 0 0 0 0 
4436
0 4432 130880 0 0 4464 0 0 6 2 6 0 8 1 131008 2 0 0 1 130896 3 130960 10 2 4872 4884 4096 4096 0 0 0 0 
4440
0 4432 130880 0 0 4464 0 0 6 2 6 0 8 1 131008 2 0 0 1 130896 3 130960 10 2 4872 4884 4096 4096 0 0 0 0 
4444
0 4432 130880 0 0 4464 0 0 6 2 6 0 8 1 131008 24 0 0 1 130896 3 130960 10 2 4872 4884 4096 4096 0 0 0 0 
4448
0 4432 130880 0 0 4464 0 0 6 2 6 0 8 1 131008 4896 0 0 1 130896 3 130960 10 2 4872 4884 4096 4096 0 0 0 0 
4452
0 4432 130880 0 0 4464 0 0 6 2 6 0 8 1 131008 4896 0 0 1 130896 3 130960 10 2 4872 4884 4096 4096 0 0 0 0 
4456
0 4432 130880 0 0 4464 0 0 6 2 6 2 8 1 131008 4896 0 0 1 130896 3 130960 10 2 4872 4884 4096 4096 0 0 0 0 
4460
0 4432 130880 0 0 4464 0 0 6 2 3 2 8 1 131008 4896 0 0 1 130896 3 130960 10 2 4872 4884 4096 4096 0 0 0 0 
4816
0 4464 130880 0 0 4464 0 0 6 2 3 2 8 1 131008 4896 0 0 1 130896 3 130960 10 2 4872 4884 4096 4096 0 0 0 0 
4820
0 4464 130880 0 0 4464 0 0 6 2 3 2 8 1 131008 4896 0 0 1 130896 3 130960 10 2 4872 4884 4096 4096 0 0 0 0 
4824
0 4464 130880 0 0 4464 0 0 6 2 3 2 8 1 131008 4896 0 0 1 130896 3 130960 10 2 4872 4884 4096 4096 0 0 0 0 
4828
0 4464 130880 0 0 4464 0 0 6 2 3 2 8 1 131008 4896 0 0 1 130896 3 130960 10 2 4872 4884 4096 4096 0 0 0 0 
4692
0 4832 130880 0 0 4464 0 0 6 2 3 2 8 1 131008 4896 0 0 1 130896 3 130960 10 2 4872 4884 4096 4096 0 0 0 0 
4696
0 4832 130880 0 0 4464 0 0 6 2 3 2 2 1 131008 4896 0 0 1 130896 3 130960 10 2 4872 4884 4096 4096 0 0 0 0 
4700
0 4832 130880 0 0 4464 0 0 6 2 3 3 2 1 131008 4896 0 0 1 130896 3 130960 10 2 4872 4884 4096 4096 0 0 0 0 
4704
0 4832 130880 0 0 4464 0 0 6 2 -1 3 2 1 131008 4896 0 0 1 130896 3 130960 10 2 4872 4884 4096 4096 0 0 0 0 
4708
0 4832 130880 0 0 4464 0 0 6 2 -1 3 2 1 131008 4896 0 0 1 130896 3 130960 10 2 4872 4884 4096 4096 0 0 0 0 
4712
0 4832 130880 0 0 4464 0 0 6 2 -1 3 2 1 131008 4896 0 0 1 130896 3 130960 10 2 4872 4884 4096 4096 0 0 0 0 
4716
0 4832 130880 0 0 4464 0 0 6 2 -1 3 2 1 131008 4896 0 0 1 130896 3 130960 10 2 4872 4884 4096 4096 0 0 0 0 
4720
0 4832 130880 0 0 4464 0 0 6 2 -1 3 2 1 131008 4896 0 0 1 130896 3 130960 10 2 4872 4884 4096 4096 0 0 0 0 
4724
0 4832 130880 0 0 4464 0 0 6 2 -1 3 4 1 131008 4896 0 0 1 130896 3 130960 10 2 4872 4884 4096 4096 0 0 0 0 
4728
0 4832 130880 0 0 4464 0 0 6 2 -1 3 4 2 131008 4896 0 0 1 130896 3 130960 10 2 4872 4884 4096 4096 0 0 0 0 
4732
0 4832 130880 0 0 4464 0 0 6 2 -1 3 4 2 131008 4896 0 0 1 130896 3 130960 10 2 4872 4884 4096 4096 0 0 0 0 
4736
0 4832 130880 0 0 4464 0 0 6 2 0 3 4 2 131008 4896 0 0 1 130896 3 130960 10 2 4872 4884 4096 4096 0 0 0 0 
4748
0 4832 130880 0 0 4464 0 0 6 2 0 3 4 2 131008 4896 0 0 1 130896 3 130960 10 2 4872 4884 4096 4096 0 0 0 0 
4752
0 4832 130880 0 0 4464 0 0 6 2 0 3 4 1 131008 4896 0 0 1 130896 3 130960 10 2 4872 4884 4096 4096 0 0 0 0 
4756
0 4832 130880 0 0 4464 0 0 6 2 0 3 2 1 131008 4896 0 0 1 130896 3 130960 10 2 4872 4884 4096 4096 0 0 0 0 
4736
0 4832 130880 0 0 4464 0 0 6 2 0 3 2 1 131008 4896 0 0 1 130896 3 130960 10 2 4872 4884 4096 4096 0 0 0 0 
4740
0 4832 130880 0 0 4464 0 0 6 2 0 3 2 1 131008 4896 0 0 1 130896 3 130960 10 2 4872 4884 4096 4096 0 0 0 0 
4744
0 4832 130880 0 0 4464 0 0 6 2 0 1 2 1 131008 4896 0 0 1 130896 3 130960 10 2 4872 4884 4096 4096 0 0 0 0 
4748
0 4832 130880 0 0 4464 0 0 6 2 1 1 2 1 131008 4896 0 0 1 130896 3 130960 10 2 4872 4884 4096 4096 0 0 0 0 
4752
0 4832 130880 0 0 4464 0 0 6 2 1 1 2 0 131008 4896 0 0 1 130896 3 130960 10 2 4872 4884 4096 4096 0 0 0 0 
4756
0 4832 130880 0 0 4464 0 0 6 2 1 1 1 0 131008 4896 0 0 1 130896 3 130960 10 2 4872 4884 4096 4096 0 0 0 0 
4760
0 4832 130880 0 0 4464 0 0 6 2 1 1 1 0 131008 4896 0 0 1 130896 3 130960 10 2 4872 4884 4096 4096 0 0 0 0 
4832
0 4832 130880 0 0 4464 0 0 6 2 1 1 1 0 131008 4896 0 0 1 130896 3 130960 10 2 4872 4884 4096 4096 0 0 0 0 
4836
0 4832 130880 0 0 4464 0 0 6 2 1 1 1 0 131008 4896 0 0 1 130896 3 130960 10 2 4872 4884 4096 4096 0 0 0 0 
4464
0 4832 130880 0 0 4464 0 0 6 2 1 1 1 0 131008 4896 0 0 1 130896 3 130960 10 2 4872 4884 4096 4096 0 0 0 0 
4468
0 4832 130880 0 0 4464 0 0 6 2 1 1 1 0 131008 4896 0 0 1 130896 3 130960 10 2 4872 4884 4096 4096 0 0 0 0 
4472
0 4832 130880 0 0 4464 0 0 6 2 1 1 1 0 131008 4896 0 0 1 130896 3 130960 10 2 4872 4884 4096 4096 0 0 0 0 
4476
0 4832 130880 0 0 4464 0 0 6 2 1 1 1 0 131008 4896 0 0 1 130896 3 130960 10 2 4872 4884 4096 4096 0 0 0 0 
4480
0 4832 130880 0 0 4464 0 0 24 2 1 1 1 0 131008 4896 0 0 1 130896 3 130960 10 2 4872 4884 4096 4096 0 0 0 0 
4484
0 4832 130880 0 0 4464 0 0 24 2 1 1 1 0 131008 131008 0 0 1 130896 3 130960 10 2 4872 4884 4096 4096 0 0 0 0 
4488
0 4832 130880 0 0 4464 0 0 131032 2 1 1 1 0 131008 131008 0 0 1 130896 3 130960 10 2 4872 4884 4096 4096 0 0 0 0 
4492
0 4832 130880 0 0 4464 0 0 131032 2 1 1 1 0 131008 131008 0 0 1 130896 3 130960 10 2 4872 4884 4096 4096 0 0 0 0 
4496
0 4832 130880 0 0 4464 0 0 131032 2 2 1 1 0 131008 131008 0 0 1 130896 3 130960 10 2 4872 4884 4096 4096 0 0 0 0 
4648
0 4500 130880 0 0 4464 0 0 131032 2 2 1 1 0 131008 131008 0 0 1 130896 3 130960 10 2 4872 4884 4096 4096 0 0 0 0 
4652
0 4500 130880 0 0 4464 0 0 131032 2 2 1 2 0 131008 131008 0 0 1 130896 3 130960 10 2 4872 4884 4096 4096 0 0 0 0 
4656
0 4500 130880 0 0 4464 0 0 131032 2 0 1 2 0 131008 131008 0 0 1 130896 3 130960 10 2 4872 4884 4096 4096 0 0 0 0 
4660
0 4500 130880 0 0 4464 0 0 131032 2 0 1 2 1 131008 131008 0 0 1 130896 3 130960 10 2 4872 4884 4096 4096 0 0 0 0 
4664
0 4500 130880 0 0 4464 0 0 131032 2 0 1 2 1 131008 131008 0 0 1 130896 3 130960 10 2 4872 4884 4096 4096 0 0 0 0 
4668
0 4500 130880 0 0 4464 0 0 131032 2 2 1 2 1 131008 131008 0 0 1 130896 3 130960 10 2 4872 4884 4096 4096 0 0 0 0 
4672
0 4500 130880 0 0 4464 0 0 131032 2 2 0 2 1 131008 131008 0 0 1 130896 3 130960 10 2 4872 4884 4096 4096 0 0 0 0 
4676
0 4500 130880 0 0 4464 0 0 131032 2 2 0 4 1 131008 131008 0 0 1 130896 3 130960 10 2 4872 4884 4096 4096 0 0 0 0 
4680
0 4500 130880 0 0 4464 0 0 131032 2 2 0 4 1 131008 131008 0 0 1 130896 3 130960 10 2 4872 4884 4096 4096 0 0 0 0 
4500
0 4500 130880 0 0 4464 0 0 131032 2 2 0 4 1 131008 131008 0 0 1 130896 3 130960 10 2 4872 4884 4096 4096 0 0 0 0 
4504
0 4500 130880 0 0 4464 0 0 131032 2 2 0 4 1 131008 131008 0 0 1 130896 3 130960 10 2 4872 4884 4096 4096 0 0 0 0 
4508
0 4500 130880 0 0 4464 0 0 131032 2 2 0 4 1 131008 131008 0 0 2 130896 3 130960 10 2 4872 4884 4096 4096 0 0 0 0 
4512
0 4500 130880 0 0 4464 0 0 131032 2 2 0 4 1 131008 131008 0 0 2 130896 3 130960 10 2 4872 4884 4096 4096 0 0 0 0 
4516
0 4500 130880 0 0 4464 0 0 131032 3 2 0 4 1 131008 131008 0 0 2 130896 3 130960 10 2 4872 4884 4096 4096 0 0 0 0 
4520
0 4500 130880 0 0 4464 0 0 131032 3 2 3 4 1 131008 131008 0 0 2 130896 3 130960 10 2 4872 4884 4096 4096 0 0 0 0 
4524
0 4500 130880 0 0 4464 0 0 131032 3 3 3 4 1 131008 131008 0 0 2 130896 3 130960 10 2 4872 4884 4096 4096 0 0 0 0 
4648
0 4528 130880 0 0 4464 0 0 131032 3 3 3 4 1 131008 131008 0 0 2 130896 3 130960 10 2 4872 4884 4096 4096 0 0 0 0 
4652
0 4528 130880 0 0 4464 0 0 131032 3 3 3 3 1 131008 131008 0 0 2 130896 3 130960 10 2 4872 4884 4096 4096 0 0 0 0 
4656
0 4528 130880 0 0 4464 0 0 131032 3 0 3 3 1 131008 131008 0 0 2 130896 3 130960 10 2 4872 4884 4096 4096 0 0 0 0 
4660
0 4528 130880 0 0 4464 0 0 131032 3 0 3 3 1 131008 131008 0 0 2 130896 3 130960 10 2 4872 4884 4096 4096 0 0 0 0 
4664
0 4528 130880 0 0 4464 0 0 131032 3 0 3 3 1 131008 131008 0 0 2 130896 3 130960 10 2 4872 4884 4096 4096 0 0 0 0 
4668
0 4528 130880 0 0 4464 0 0 131032 3 3 3 3 1 131008 131008 0 0 2 130896 3 130960 10 2 4872 4884 4096 4096 0 0 0 0 
4672
0 4528 130880 0 0 4464 0 0 131032 3 3 1 3 1 131008 131008 0 0 2 130896 3 130960 10 2 4872 4884 4096 4096 0 0 0 0 
4676
0 4528 130880 0 0 4464 0 0 131032 3 3 1 6 1 131008 131008 0 0 2 130896 3 130960 10 2 4872 4884 4096 4096 0 0 0 0 
4656
0 4528 130880 0 0 4464 0 0 131032 3 3 1 6 1 131008 131008 0 0 2 130896 3 130960 10 2 4872 4884 4096 4096 0 0 0 0 
4660
0 4528 130880 0 0 4464 0 0 131032 3 3 1 6 1 131008 131008 0 0 2 130896 3 130960 10 2 4872 4884 4096 4096 0 0 0 0 
4664
0 4528 130880 0 0 4464 0 0 131032 3 3 1 6 1 131008 131008 0 0 2 130896 3 130960 10 2 4872 4884 4096 4096 0 0 0 0 
4668
0 4528 130880 0 0 4464 0 0 131032 3 9 1 6 1 131008 131008 0 0 2 130896 3 130960 10 2 4872 4884 4096 4096 0 0 0 0 
4672
0 4528 130880 0 0 4464 0 0 131032 3 9 0 6 1 131008 131008 0 0 2 130896 3 130960 10 2 4872 4884 4096 4096 0 0 0 0 
4676
0 4528 130880 0 0 4464 0 0 131032 3 9 0 12 1 131008 131008 0 0 2 130896 3 130960 10 2 4872 4884 4096 4096 0 0 0 0 
4680
0 4528 130880 0 0 4464 0 0 131032 3 9 0 12 1 131008 131008 0 0 2 130896 3 130960 10 2 4872 4884 4096 4096 0 0 0 0 
4528
0 4528 130880 0 0 4464 0 0 131032 3 9 0 12 1 131008 131008 0 0 2 130896 3 130960 10 2 4872 4884 4096 4096 0 0 0 0 
4532
0 4528 130880 0 0 4464 0 0 9 3 9 0 12 1 131008 131008 0 0 2 130896 3 130960 10 2 4872 4884 4096 4096 0 0 0 0 
4536
0 4528 130880 0 0 4464 0 0 9 3 9 0 12 1 131008 131008 0 0 2 130896 3 130960 10 2 4872 4884 4096 4096 0 0 0 0 
4540
0 4528 130880 0 0 4464 0 0 9 3 9 0 12 1 131008 36 0 0 2 130896 3 130960 10 2 4872 4884 4096 4096 0 0 0 0 
4544
0 4528 130880 0 0 4464 0 0 9 3 9 0 12 1 131008 4908 0 0 2 130896 3 130960 10 2 4872 4884 4096 4096 0 0 0 0 
4548
0 4528 130880 0 0 4464 0 0 9 3 9 0 12 1 131008 4908 0 0 2 130896 3 130960 10 2 4872 4884 4096 4096 0 0 0 0 
4552
0 4528 130880 0 0 4464 0 0 9 3 9 0 12 1 131008 4908 0 0 2 130900 3 130960 10 2 4872 4884 4096 4096 0 0 0 0 
4556
0 4528 130880 0 0 4464 0 0 9 3 9 3 12 1 131008 4908 0 0 2 130900 3 130960 10 2 4872 4884 4096 4096 0 0 0 0 
4560
0 4528 130880 0 0 4464 0 0 9 3 3 3 12 1 131008 4908 0 0 2 130900 3 130960 10 2 4872 4884 4096 4096 0 0 0 0 
4816
0 4564 130880 0 0 4464 0 0 9 3 3 3 12 1 131008 4908 0 0 2 130900 3 130960 10 2 4872 4884 4096 4096 0 0 0 0 
4820
0 4564 130880 0 0 4564 0 0 9 3 3 3 12 1 131008 4908 0 0 2 130900 3 130960 10 2 4872 4884 4096 4096 0 0 0 0 
4824
0 4564 130880 0 0 4564 0 0 9 3 3 3 12 1 131008 4908 0 0 2 130900 3 130960 10 2 4872 4884 4096 4096 0 0 0 0 
4828
0 4564 130880 0 0 4564 0 0 9 3 3 3 12 1 131008 4908 0 0 2 130900 3 130960 10 2 4872 4884 4096 4096 0 0 0 0 
4692
0 4832 130880 0 0 4564 0 0 9 3 3 3 12 1 131008 4908 0 0 2 130900 3 130960 10 2 4872 4884 4096 4096 0 0 0 0 
4696
0 4832 130880 0 0 4564 0 0 9 3 3 3 3 1 131008 4908 0 0 2 130900 3 130960 10 2 4872 4884 4096 4096 0 0 0 0 
4700
0 4832 130880 0 0 4564 0 0 9 3 3 3 3 1 131008 4908 0 0 2 130900 3 130960 10 2 4872 4884 4096 4096 0 0 0 0 
4704
0 4832 130880 0 0 4564 0 0 9 3 -1 3 3 1 131008 4908 0 0 2 130900 3 130960 10 2 4872 4884 4096 4096 0 0 0 0 
4708
0 4832 130880 0 0 4564 0 0 9 3 -1 3 3 1 131008 4908 0 0 2 130900 3 130960 10 2 4872 4884 4096 4096 0 0 0 0 
4712
0 4832 130880 0 0 4564 0 0 9 3 -1 3 3 1 131008 4908 0 0 2 130900 3 130960 10 2 4872 4884 4096 4096 0 0 0 0 
4732
0 4832 130880 0 0 4564 0 0 9 3 -1 3 3 1 131008 4908 0 0 2 130900 3 130960 10 2 4872 4884 4096 4096 0 0 0 0 
4736
0 4832 130880 0 0 4564 0 0 9 3 0 3 3 1 131008 4908 0 0 2 130900 3 130960 10 2 4872 4884 4096 4096 0 0 0 0 
4740
0 4832 130880 0 0 4564 0 0 9 3 0 3 3 1 131008 4908 0 0 2 130900 3 130960 10 2 4872 4884 4096 4096 0 0 0 0 
4744
0 4832 130880 0 0 4564 0 0 9 3 0 0 3 1 131008 4908 0 0 2 130900 3 130960 10 2 4872 4884 4096 4096 0 0 0 0 
4748
0 4832 130880 0 0 4564 0 0 9 3 1 0 3 1 131008 4908 0 0 2 130900 3 130960 10 2 4872 4884 4096 4096 0 0 0 0 
4752
0 4832 130880 0 0 4564 0 0 9 3 1 0 3 0 131008 4908 0 0 2 130900 3 130960 10 2 4872 4884 4096 4096 0 0 0 0 
4756
0 4832 130880 0 0 4564 0 0 9 3 1 0 1 0 131008 4908 0 0 2 130900 3 130960 10 2 4872 4884 4096 4096 0 0 0 0 
4760
0 4832 130880 0 0 4564 0 0 9 3 1 0 1 0 131008 4908 0 0 2 130900 3 130960 10 2 4872 4884 4096 4096 0 0 0 0 
4832
0 4832 130880 0 0 4564 0 0 9 3 1 0 1 0 131008 4908 0 0 2 130900 3 130960 10 2 4872 4884 4096 4096 0 0 0 0 
4836
0 4832 130880 0 0 4564 0 0 9 3 0 0 1 0 131008 4908 0 0 2 130900 3 130960 10 2 4872 4884 4096 4096 0 0 0 0 
4564
0 4832 130880 0 0 4564 0 0 9 3 0 0 1 0 131008 4908 0 0 2 130900 3 130960 10 2 4872 4884 4096 4096 0 0 0 0 
4568
0 4832 130880 0 0 4564 0 0 9 3 0 0 1 0 131008 4908 0 0 2 130900 3 130960 10 2 4872 4884 4096 4096 0 0 0 0 
4308
0 4832 130880 0 0 4564 0 0 9 3 0 0 1 0 131008 4908 0 0 2 130900 3 130960 10 2 4872 4884 4096 4096 0 0 0 0 
4312
0 4832 130880 0 0 4564 0 0 36 3 0 0 1 0 131008 4908 0 0 2 130900 3 130960 10 2 4872 4884 4096 4096 0 0 0 0 
4316
0 4832 130880 0 0 4564 0 0 36 3 0 0 1 0 131008 131008 0 0 2 130900 3 130960 10 2 4872 4884 4096 4096 0 0 0 0 
4320
0 4832 130880 0 0 4564 0 0 131044 3 0 0 1 0 131008 131008 0 0 2 130900 3 130960 10 2 4872 4884 4096 4096 0 0 0 0 
4324
0 4832 130880 0 0 4564 0 0 131044 3 0 3 1 0 131008 131008 0 0 2 130900 3 130960 10 2 4872 4884 4096 4096 0 0 0 0 
4328
0 4832 130880 0 0 4564 0 0 131044 3 2 3 1 0 131008 131008 0 0 2 130900 3 130960 10 2 4872 4884 4096 4096 0 0 0 0 
4648
0 4332 130880 0 0 4564 0 0 131044 3 2 3 1 0 131008 131008 0 0 2 130900 3 130960 10 2 4872 4884 4096 4096 0 0 0 0 
4652
0 4332 130880 0 0 4564 0 0 131044 3 2 3 2 0 131008 131008 0 0 2 130900 3 130960 10 2 4872 4884 4096 4096 0 0 0 0 
4656
0 4332 130880 0 0 4564 0 0 131044 3 0 3 2 0 131008 131008 0 0 2 130900 3 130960 10 2 4872 4884 4096 4096 0 0 0 0 
4660
0 4332 130880 0 0 4564 0 0 131044 3 0 3 2 1 131008 131008 0 0 2 130900 3 130960 10 2 4872 4884 4096 4096 0 0 0 0 
4664
0 4332 130880 0 0 4564 0 0 131044 3 0 3 2 1 131008 131008 0 0 2 130900 3 130960 10 2 4872 4884 4096 4096 0 0 0 0 
4668
0 4332 130880 0 0 4564 0 0 131044 3 2 3 2 1 131008 131008 0 0 2 130900 3 130960 10 2 4872 4884 4096 4096 0 0 0 0 
4672
0 4332 130880 0 0 4564 0 0 131044 3 2 1 2 1 131008 131008 0 0 2 130900 3 130960 10 2 4872 4884 4096 4096 0 0 0 0 
4676
0 4332 130880 0 0 4564 0 0 131044 3 2 1 4 1 131008 131008 0 0 2 130900 3 130960 10 2 4872 4884 4096 4096 0 0 0 0 
4656
0 4332 130880 0 0 4564 0 0 131044 3 2 1 4 1 131008 131008 0 0 2 130900 3 130960 10 2 4872 4884 4096 4096 0 0 0 0 
4660
0 4332 130880 0 0 4564 0 0 131044 3 2 1 4 1 131008 131008 0 0 2 130900 3 130960 10 2 4872 4884 4096 4096 0 0 0 0 
4664
0 4332 130880 0 0 4564 0 0 131044 3 2 1 4 1 131008 131008 0 0 2 130900 3 130960 10 2 4872 4884 4096 4096 0 0 0 0 
4668
0 4332 130880 0 0 4564 0 0 131044 3 6 1 4 1 131008 131008 0 0 2 130900 3 130960 10 2 4872 4884 4096 4096 0 0 0 0 
4672
0 4332 130880 0 0 4564 0 0 131044 3 6 0 4 1 131008 131008 0 0 2 130900 3 130960 10 2 4872 4884 4096 4096 0 0 0 0 
4676
0 4332 130880 0 0 4564 0 0 131044 3 6 0 8 1 131008 131008 0 0 2 130900 3 130960 10 2 4872 4884 4096 4096 0 0 0 0 
4680
0 4332 130880 0 0 4564 0 0 131044 3 6 0 8 1 131008 131008 0 0 2 130900 3 130960 10 2 4872 4884 4096 4096 0 0 0 0 
4332
0 4332 130880 0 0 4564 0 0 131044 3 6 0 8 1 131008 131008 0 0 2 130900 3 130960 10 2 4872 4884 4096 4096 0 0 0 0 
4336
0 4332 130880 0 0 4564 0 0 131044 3 6 0 8 1 131008 131008 0 0 2 130900 3 130960 10 2 4872 4884 4096 4096 0 0 0 0 
4340
0 4332 130880 0 0 4564 0 0 131044 3 2 0 8 1 131008 131008 0 0 2 130900 3 130960 10 2 4872 4884 4096 4096 0 0 0 0 
4096
0 4344 130880 0 0 4564 0 0 131044 3 2 0 8 1 131008 131008 0 0 2 130900 3 130960 10 2 4872 4884 4096 4096 0 0 0 0 
4100
0 4344 130880 0 0 4564 0 0 131044 3 2 0 8 1 4096 131008 0 0 2 130900 3 130960 10 2 4872 4884 4096 4096 0 0 0 0 
4104
0 4344 130880 0 0 4564 0 0 131044 3 2 0 8 1 4096 174 0 0 2 130900 3 130960 10 2 4872 4884 4096 4096 0 0 0 0 
4108
0 4344 130880 0 0 4564 0 0 131044 3 172 0 8 1 4096 174 0 0 2 130900 3 130960 10 2 4872 4884 4096 4096 0 0 0 0 
4112
0 4344 130880 0 0 4564 0 0 131044 3 345 0 8 1 4096 174 0 0 2 130900 3 130960 10 2 4872 4884 4096 4096 0 0 0 0 
4116
0 4344 130880 0 0 4564 0 0 131044 3 345 0 8 1 4096 174 0 0 2 130900 3 130960 10 2 4872 4884 4096 4096 0 0 0 0 
4344
0 4344 130880 0 0 4564 0 0 131044 3 345 0 8 1 4096 174 0 0 2 130900 3 130960 10 2 4872 4884 4096 4096 0 0 0 0 
4348
0 4344 130880 0 0 4564 0 0 131044 3 345 0 8 1 4096 174 0 0 2 130900 4 130960 10 2 4872 4884 4096 4096 0 0 0 0 
4352
0 4344 130880 0 0 4564 0 0 131044 3 345 0 8 1 4096 174 0 0 2 130900 4 130960 10 2 4872 4884 4096 4096 0 0 0 0 
4356
0 4344 130880 0 0 4564 0 0 131044 3 345 0 8 1 4096 174 0 0 2 130900 4 130960 10 2 4872 4888 4096 4096 0 0 0 0 
4360
0 4344 130880 0 0 4564 0 0 131044 3 345 0 8 1 4096 174 0 0 2 130900 4 130964 10 2 4872 4888 4096 4096 0 0 0 0 
4364
0 4344 130880 0 0 4564 0 0 131044 3 345 0 8 1 4096 174 0 0 2 130900 4 130964 10 2 4872 4888 4096 4096 0 0 0 0 
4368
0 4344 130880 0 0 4564 0 0 131044 3 345 0 8 1 4096 0 0 0 2 130900 4 130964 10 2 4872 4888 4096 4096 0 0 0 0 
4408
0 4344 130880 0 0 4564 0 0 131044 3 345 0 8 1 4096 0 0 0 2 130900 4 130964 10 2 4872 4888 4096 4096 0 0 0 0 
4412
0 4344 130880 0 0 4564 0 0 131044 3 345 0 8 1 4096 0 0 0 2 130900 4 130964 10 2 4872 4888 4096 4096 0 0 0 0 
4416
0 4344 130880 0 0 4564 0 0 131044 3 345 0 8 1 4096 0 0 0 2 130900 4 130964 10 2 4872 4888 4096 4096 0 0 0 0 
4420
0 4344 130880 0 0 4564 0 0 131044 2 345 0 8 1 4096 0 0 0 2 130900 4 130964 10 2 4872 4888 4096 4096 0 0 0 0 
4424
0 4344 130880 0 0 4564 0 0 131044 2 345 4 8 1 4096 0 0 0 2 130900 4 130964 10 2 4872 4888 4096 4096 0 0 0 0 
4428
0 4344 130880 0 0 4564 0 0 131044 2 2 4 8 1 4096 0 0 0 2 130900 4 130964 10 2 4872 4888 4096 4096 0 0 0 0 
4648
0 4432 130880 0 0 4564 0 0 131044 2 2 4 8 1 4096 0 0 0 2 130900 4 130964 10 2 4872 4888 4096 4096 0 0 0 0 
4652
0 4432 130880 0 0 4564 0 0 131044 2 2 4 2 1 4096 0 0 0 2 130900 4 130964 10 2 4872 4888 4096 4096 0 0 0 0 
4656
0 4432 130880 0 0 4564 0 0 131044 2 0 4 2 1 4096 0 0 0 2 130900 4 130964 10 2 4872 4888 4096 4096 0 0 0 0 
4660
0 4432 130880 0 0 4564 0 0 131044 2 0 4 2 0 4096 0 0 0 2 130900 4 130964 10 2 4872 4888 4096 4096 0 0 0 0 
4668
0 4432 130880 0 0 4564 0 0 131044 2 0 4 2 0 4096 0 0 0 2 130900 4 130964 10 2 4872 4888 4096 4096 0 0 0 0 
4672
0 4432 130880 0 0 4564 0 0 131044 2 0 2 2 0 4096 0 0 0 2 130900 4 130964 10 2 4872 4888 4096 4096 0 0 0 0 
4676
0 4432 130880 0 0 4564 0 0 131044 2 0 2 4 0 4096 0 0 0 2 130900 4 130964 10 2 4872 4888 4096 4096 0 0 0 0 
4656
0 4432 130880 0 0 4564 0 0 131044 2 0 2 4 0 4096 0 0 0 2 130900 4 130964 10 2 4872 4888 4096 4096 0 0 0 0 
4660
0 4432 130880 0 0 4564 0 0 131044 2 0 2 4 0 4096 0 0 0 2 130900 4 130964 10 2 4872 4888 4096 4096 0 0 0 0 
4668
0 4432 130880 0 0 4564 0 0 131044 2 0 2 4 0 4096 0 0 0 2 130900 4 130964 10 2 4872 4888 4096 4096 0 0 0 0 
4672
0 4432 130880 0 0 4564 0 0 131044 2 0 1 4 0 4096 0 0 0 2 130900 4 130964 10 2 4872 4888 4096 4096 0 0 0 0 
4676
0 4432 130880 0 0 4564 0 0 131044 2 0 1 8 0 4096 0 0 0 2 130900 4 130964 10 2 4872 4888 4096 4096 0 0 0 0 
4656
0 4432 130880 0 0 4564 0 0 131044 2 0 1 8 0 4096 0 0 0 2 130900 4 130964 10 2 4872 4888 4096 4096 0 0 0 0 
4660
0 4432 130880 0 0 4564 0 0 131044 2 0 1 8 1 4096 0 0 0 2 130900 4 130964 10 2 4872 4888 4096 4096 0 0 0 0 
4664
0 4432 130880 0 0 4564 0 0 131044 2 0 1 8 1 4096 0 0 0 2 130900 4 130964 10 2 4872 4888 4096 4096 0 0 0 0 
4668
0 4432 130880 0 0 4564 0 0 131044 2 8 1 8 1 4096 0 0 0 2 130900 4 130964 10 2 4872 4888 4096 4096 0 0 0 0 
4672
0 4432 130880 0 0 4564 0 0 131044 2 8 0 8 1 4096 0 0 0 2 130900 4 130964 10 2 4872 4888 4096 4096 0 0 0 0 
4676
0 4432 130880 0 0 4564 0 0 131044 2 8 0 16 1 4096 0 0 0 2 130900 4 130964 10 2 4872 4888 4096 4096 0 0 0 0 
4680
0 4432 130880 0 0 4564 0 0 131044 2 8 0 16 1 4096 0 0 0 2 130900 4 130964 10 2 4872 4888 4096 4096 0 0 0 0 
4432
0 4432 130880 0 0 4564 0 0 131044 2 8 0 16 1 4096 0 0 0 2 130900 4 130964 10 2 4872 4888 4096 4096 0 0 0 0 
4436
0 4432 130880 0 0 4564 0 0 8 2 8 0 16 1 4096 0 0 0 2 130900 4 130964 10 2 4872 4888 4096 4096 0 0 0 0 
4440
0 4432 130880 0 0 4564 0 0 8 2 8 0 16 1 4096 0 0 0 2 130900 4 130964 10 2 4872 4888 4096 4096 0 0 0 0 
4444
0 4432 130880 0 0 4564 0 0 8 2 8 0 16 1 4096 32 0 0 2 130900 4 130964 10 2 4872 4888 4096 4096 0 0 0 0 
4448
0 4432 130880 0 0 4564 0 0 8 2 8 0 16 1 4096 4904 0 0 2 130900 4 130964 10 2 4872 4888 4096 4096 0 0 0 0 
4452
0 4432 130880 0 0 4564 0 0 8 2 8 0 16 1 4096 4904 0 0 2 130900 4 130964 10 2 4872 4888 4096 4096 0 0 0 0 
4456
0 4432 130880 0 0 4564 0 0 8 2 8 2 16 1 4096 4904 0 0 2 130900 4 130964 10 2 4872 4888 4096 4096 0 0 0 0 
4460
0 4432 130880 0 0 4564 0 0 8 2 4 2 16 1 4096 4904 0 0 2 130900 4 130964 10 2 4872 4888 4096 4096 0 0 0 0 
4816
0 4464 130880 0 0 4564 0 0 8 2 4 2 16 1 4096 4904 0 0 2 130900 4 130964 10 2 4872 4888 4096 4096 0 0 0 0 
4820
0 4464 130880 0 0 4464 0 0 8 2 4 2 16 1 4096 4904 0 0 2 130900 4 130964 10 2 4872 4888 4096 4096 0 0 0 0 
4824
0 4464 130880 0 0 4464 0 0 8 2 4 2 16 1 4096 4904 0 0 2 130900 4 130964 10 2 4872 4888 4096 4096 0 0 0 0 
4828
0 4464 130880 0 0 4464 0 0 8 2 4 2 16 1 4096 4904 0 0 2 130900 4 130964 10 2 4872 4888 4096 4096 0 0 0 0 
4692
0 4832 130880 0 0 4464 0 0 8 2 4 2 16 1 4096 4904 0 0 2 130900 4 130964 10 2 4872 4888 4096 4096 0 0 0 0 
4696
0 4832 130880 0 0 4464 0 0 8 2 4 2 2 1 4096 4904 0 0 2 130900 4 130964 10 2 4872 4888 4096 4096 0 0 0 0 
4700
0 4832 130880 0 0 4464 0 0 8 2 4 4 2 1 4096 4904 0 0 2 130900 4 130964 10 2 4872 4888 4096 4096 0 0 0 0 
4704
0 4832 130880 0 0 4464 0 0 8 2 -1 4 2 1 4096 4904 0 0 2 130900 4 130964 10 2 4872 4888 4096 4096 0 0 0 0 
4708
0 4832 130880 0 0 4464 0 0 8 2 -1 4 2 1 4096 4904 0 0 2 130900 4 130964 10 2 4872 4888 4096 4096 0 0 0 0 
4712
0 4832 130880 0 0 4464 0 0 8 2 -1 4 2 1 4096 4904 0 0 2 130900 4 130964 10 2 4872 4888 4096 4096 0 0 0 0 
4716
0 4832 130880 0 0 4464 0 0 8 2 -1 4 2 1 4096 4904 0 0 2 130900 4 130964 10 2 4872 4888 4096 4096 0 0 0 0 
4720
0 4832 130880 0 0 4464 0 0 8 2 -1 4 2 1 4096 4904 0 0 2 130900 4 130964 10 2 4872 4888 4096 4096 0 0 0 0 
4724
0 4832 130880 0 0 4464 0 0 8 2 -1 4 4 1 4096 4904 0 0 2 130900 4 130964 10 2 4872 4888 4096 4096 0 0 0 0 
4728
0 4832 130880 0 0 4464 0 0 8 2 -1 4 4 2 4096 4904 0 0 2 130900 4 130964 10 2 4872 4888 4096 4096 0 0 0 0 
4732
0 4832 130880 0 0 4464 0 0 8 2 -1 4 4 2 4096 4904 0 0 2 130900 4 130964 10 2 4872 4888 4096 4096 0 0 0 0 
4736
0 4832 130880 0 0 4464 0 0 8 2 0 4 4 2 4096 4904 0 0 2 130900 4 130964 10 2 4872 4888 4096 4096 0 0 0 0 
4740
0 4832 130880 0 0 4464 0 0 8 2 0 4 4 2 4096 4904 0 0 2 130900 4 130964 10 2 4872 4888 4096 4096 0 0 0 0 
4744
0 4832 130880 0 0 4464 0 0 8 2 0 0 4 2 4096 4904 0 0 2 130900 4 130964 10 2 4872 4888 4096 4096 0 0 0 0 
4748
0 4832 130880 0 0 4464 0 0 8 2 2 0 4 2 4096 4904 0 0 2 130900 4 130964 10 2 4872 4888 4096 4096 0 0 0 0 
4752
0 4832 130880 0 0 4464 0 0 8 2 2 0 4 1 4096 4904 0 0 2 130900 4 130964 10 2 4872 4888 4096 4096 0 0 0 0 
4756
0 4832 130880 0 0 4464 0 0 8 2 2 0 2 1 4096 4904 0 0 2 130900 4 130964 10 2 4872 4888 4096 4096 0 0 0 0 
4736
0 4832 130880 0 0 4464 0 0 8 2 2 0 2 1 4096 4904 0 0 2 130900 4 130964 10 2 4872 4888 4096 4096 0 0 0 0 
4748
0 4832 130880 0 0 4464 0 0 8 2 2 0 2 1 4096 4904 0 0 2 130900 4 130964 10 2 4872 4888 4096 4096 0 0 0 0 
4752
0 4832 130880 0 0 4464 0 0 8 2 2 0 2 0 4096 4904 0 0 2 130900 4 130964 10 2 4872 4888 4096 4096 0 0 0 0 
4756
0 4832 130880 0 0 4464 0 0 8 2 2 0 1 0 4096 4904 0 0 2 130900 4 130964 10 2 4872 4888 4096 4096 0 0 0 0 
4760
0 4832 130880 0 0 4464 0 0 8 2 2 0 1 0 4096 4904 0 0 2 130900 4 130964 10 2 4872 4888 4096 4096 0 0 0 0 
4832
0 4832 130880 0 0 4464 0 0 8 2 2 0 1 0 4096 4904 0 0 2 130900 4 130964 10 2 4872 4888 4096 4096 0 0 0 0 
4836
0 4832 130880 0 0 4464 0 0 8 2 0 0 1 0 4096 4904 0 0 2 130900 4 130964 10 2 4872 4888 4096 4096 0 0 0 0 
4464
0 4832 130880 0 0 4464 0 0 8 2 0 0 1 0 4096 4904 0 0 2 130900 4 130964 10 2 4872 4888 4096 4096 0 0 0 0 
4468
0 4832 130880 0 0 4464 0 0 8 2 0 0 1 0 4096 4904 0 0 2 130896 4 130964 10 2 4872 4888 4096 4096 0 0 0 0 
4472
0 4832 130880 0 0 4464 0 0 8 2 0 0 1 0 4096 4904 0 0 1 130896 4 130964 10 2 4872 4888 4096 4096 0 0 0 0 
4308
0 4832 130880 0 0 4464 0 0 8 2 0 0 1 0 4096 4904 0 0 1 130896 4 130964 10 2 4872 4888 4096 4096 0 0 0 0 
4312
0 4832 130880 0 0 4464 0 0 32 2 0 0 1 0 4096 4904 0 0 1 130896 4 130964 10 2 4872 4888 4096 4096 0 0 0 0 
4316
0 4832 130880 0 0 4464 0 0 32 2 0 0 1 0 4096 131008 0 0 1 130896 4 130964 10 2 4872 4888 4096 4096 0 0 0 0 
4320
0 4832 130880 0 0 4464 0 0 131040 2 0 0 1 0 4096 131008 0 0 1 130896 4 130964 10 2 4872 4888 4096 4096 0 0 0 0 
4324
0 4832 130880 0 0 4464 0 0 131040 2 0 2 1 0 4096 131008 0 0 1 130896 4 130964 10 2 4872 4888 4096 4096 0 0 0 0 
4328
0 4832 130880 0 0 4464 0 0 131040 2 2 2 1 0 4096 131008 0 0 1 130896 4 130964 10 2 4872 4888 4096 4096 0 0 0 0 
4648
0 4332 130880 0 0 4464 0 0 131040 2 2 2 1 0 4096 131008 0 0 1 130896 4 130964 10 2 4872 4888 4096 4096 0 0 0 0 
4652
0 4332 130880 0 0 4464 0 0 131040 2 2 2 2 0 4096 131008 0 0 1 130896 4 130964 10 2 4872 4888 4096 4096 0 0 0 0 
4656
0 4332 130880 0 0 4464 0 0 131040 2 0 2 2 0 4096 131008 0 0 1 130896 4 130964 10 2 4872 4888 4096 4096 0 0 0 0 
4660
0 4332 130880 0 0 4464 0 0 131040 2 0 2 2 0 4096 131008 0 0 1 130896 4 130964 10 2 4872 4888 4096 4096 0 0 0 0 
4668
0 4332 130880 0 0 4464 0 0 131040 2 0 2 2 0 4096 131008 0 0 1 130896 4 130964 10 2 4872 4888 4096 4096 0 0 0 0 
4672
0 4332 130880 0 0 4464 0 0 131040 2 0 1 2 0 4096 131008 0 0 1 130896 4 130964 10 2 4872 4888 4096 4096 0 0 0 0 
4676
0 4332 130880 0 0 4464 0 0 131040 2 0 1 4 0 4096 131008 0 0 1 130896 4 130964 10 2 4872 4888 4096 4096 0 0 0 0 
4656
0 4332 130880 0 0 4464 0 0 131040 2 0 1 4 0 4096 131008 0 0 1 130896 4 130964 10 2 4872 4888 4096 4096 0 0 0 0 
4660
0 4332 130880 0 0 4464 0 0 131040 2 0 1 4 1 4096 131008 0 0 1 130896 4 130964 10 2 4872 4888 4096 4096 0 0 0 0 
4664
0 4332 130880 0 0 4464 0 0 131040 2 0 1 4 1 4096 131008 0 0 1 130896 4 130964 10 2 4872 4888 4096 4096 0 0 0 0 
4668
0 4332 130880 0 0 4464 0 0 131040 2 4 1 4 1 4096 131008 0 0 1 130896 4 130964 10 2 4872 4888 4096 4096 0 0 0 0 
4672
0 4332 130880 0 0 4464 0 0 131040 2 4 0 4 1 4096 131008 0 0 1 130896 4 130964 10 2 4872 4888 4096 4096 0 0 0 0 
4676
0 4332 130880 0 0 4464 0 0 131040 2 4 0 8 1 4096 131008 0 0 1 130896 4 130964 10 2 4872 4888 4096 4096 0 0 0 0 
4680
0 4332 130880 0 0 4464 0 0 131040 2 4 0 8 1 4096 131008 0 0 1 130896 4 130964 10 2 4872 4888 4096 4096 0 0 0 0 
4332
0 4332 130880 0 0 4464 0 0 131040 2 4 0 8 1 4096 131008 0 0 1 130896 4 130964 10 2 4872 4888 4096 4096 0 0 0 0 
4336
0 4332 130880 0 0 4464 0 0 131040 2 4 0 8 1 4096 131008 0 0 1 130896 4 130964 10 2 4872 4888 4096 4096 0 0 0 0 
4340
0 4332 130880 0 0 4464 0 0 131040 2 2 0 8 1 4096 131008 0 0 1 130896 4 130964 10 2 4872 4888 4096 4096 0 0 0 0 
4096
0 4344 130880 0 0 4464 0 0 131040 2 2 0 8 1 4096 131008 0 0 1 130896 4 130964 10 2 4872 4888 4096 4096 0 0 0 0 
4100
0 4344 130880 0 0 4464 0 0 131040 2 2 0 8 1 4096 131008 0 0 1 130896 4 130964 10 2 4872 4888 4096 4096 0 0 0 0 
4104
0 4344 130880 0 0 4464 0 0 131040 2 2 0 8 1 4096 345 0 0 1 130896 4 130964 10 2 4872 4888 4096 4096 0 0 0 0 
4108
0 4344 130880 0 0 4464 0 0 131040 2 347 0 8 1 4096 345 0 0 1 130896 4 130964 10 2 4872 4888 4096 4096 0 0 0 0 
4112
0 4344 130880 0 0 4464 0 0 131040 2 520 0 8 1 4096 345 0 0 1 130896 4 130964 10 2 4872 4888 4096 4096 0 0 0 0 
4116
0 4344 130880 0 0 4464 0 0 131040 2 520 0 8 1 4096 345 0 0 1 130896 4 130964 10 2 4872 4888 4096 4096 0 0 0 0 
4344
0 4344 130880 0 0 4464 0 0 131040 2 520 0 8 1 4096 345 0 0 1 130896 4 130964 10 2 4872 4888 4096 4096 0 0 0 0 
4348
0 4344 130880 0 0 4464 0 0 131040 2 520 0 8 1 4096 345 0 0 1 130896 5 130964 10 2 4872 4888 4096 4096 0 0 0 0 
4352
0 4344 130880 0 0 4464 0 0 131040 2 520 0 8 1 4096 345 0 0 1 130896 5 130964 10 2 4872 4888 4096 4096 0 0 0 0 
4356
0 4344 130880 0 0 4464 0 0 131040 2 520 0 8 1 4096 345 0 0 1 130896 5 130964 10 2 4872 4892 4096 4096 0 0 0 0 
4360
0 4344 130880 0 0 4464 0 0 131040 2 520 0 8 1 4096 345 0 0 1 130896 5 130968 10 2 4872 4892 4096 4096 0 0 0 0 
4364
0 4344 130880 0 0 4464 0 0 131040 2 520 0 8 1 4096 345 0 0 1 130896 5 130968 10 2 4872 4892 4096 4096 0 0 0 0 
4368
0 4344 130880 0 0 4464 0 0 131040 2 520 0 8 1 4096 1 0 0 1 130896 5 130968 10 2 4872 4892 4096 4096 0 0 0 0 
4372
0 4344 130880 0 0 4464 0 0 131040 2 520 0 8 1 4096 1 0 0 1 130896 5 130968 10 2 4872 4892 4096 4096 0 0 0 0 
4376
0 4344 130880 0 0 4464 0 0 131040 2 520 0 8 1 4096 2 0 0 1 130896 5 130968 10 2 4872 4892 4096 4096 0 0 0 0 
4380
0 4344 130880 0 0 4464 0 0 131040 2 520 0 8 1 4096 3 0 0 1 130896 5 130968 10 2 4872 4892 4096 4096 0 0 0 0 
4384
0 4344 130880 0 0 4464 0 0 131040 2 520 0 8 1 4096 3 0 0 1 130896 5 130968 10 2 4872 4892 4096 4096 0 0 0 0 
4388
0 4344 130880 0 0 4464 0 0 131040 2 520 0 8 1 4096 12 0 0 1 130896 5 130968 10 2 4872 4892 4096 4096 0 0 0 0 
4392
0 4344 130880 0 0 4464 0 0 131040 2 520 0 8 1 131008 12 0 0 1 130896 5 130968 10 2 4872 4892 4096 4096 0 0 0 0 
4396
0 4344 130880 0 0 4464 0 0 131040 2 520 0 8 1 131008 131020 0 0 1 130896 5 130968 10 2 4872 4892 4096 4096 0 0 0 0 
4400
0 4344 130880 0 0 4464 0 0 131040 2 520 0 8 1 131008 131020 0 0 1 130896 5 130968 10 2 4872 4892 4096 4096 0 0 0 0 
4404
0 4344 130880 0 0 4464 0 0 131040 2 520 0 8 1 131008 4 0 0 1 130896 5 130968 10 2 4872 4892 4096 4096 0 0 0 0 
4408
0 4344 130880 0 0 4464 0 0 131040 2 520 0 8 1 131008 4 0 0 1 130896 5 130968 10 2 4872 4892 4096 4096 0 0 0 0 
4412
0 4344 130880 0 0 4464 0 0 131040 2 520 0 8 1 131008 4 0 0 1 130896 5 130968 10 3 4872 4892 4096 4096 0 0 0 0 
4416
0 4344 130880 0 0 4464 0 0 131040 2 520 0 8 1 131008 4 0 0 1 130896 5 130968 10 3 4872 4892 4096 4096 0 0 0 0 
4420
0 4344 130880 0 0 4464 0 0 131040 2 520 0 8 1 131008 4 0 0 1 130896 5 130968 10 3 4872 4892 4096 4096 0 0 0 0 
4424
0 4344 130880 0 0 4464 0 0 131040 2 520 5 8 1 131008 4 0 0 1 130896 5 130968 10 3 4872 4892 4096 4096 0 0 0 0 
4428
0 4344 130880 0 0 4464 0 0 131040 2 2 5 8 1 131008 4 0 0 1 130896 5 130968 10 3 4872 4892 4096 4096 0 0 0 0 
4648
0 4432 130880 0 0 4464 0 0 131040 2 2 5 8 1 131008 4 0 0 1 130896 5 130968 10 3 4872 4892 4096 4096 0 0 0 0 
4652
0 4432 130880 0 0 4464 0 0 131040 2 2 5 2 1 131008 4 0 0 1 130896 5 130968 10 3 4872 4892 4096 4096 0 0 0 0 
4656
0 4432 130880 0 0 4464 0 0 131040 2 0 5 2 1 131008 4 0 0 1 130896 5 130968 10 3 4872 4892 4096 4096 0 0 0 0 
4660
0 4432 130880 0 0 4464 0 0 131040 2 0 5 2 1 131008 4 0 0 1 130896 5 130968 10 3 4872 4892 4096 4096 0 0 0 0 
4664
0 4432 130880 0 0 4464 0 0 131040 2 0 5 2 1 131008 4 0 0 1 130896 5 130968 10 3 4872 4892 4096 4096 0 0 0 0 
4668
0 4432 130880 0 0 4464 0 0 131040 2 2 5 2 1 131008 4 0 0 1 130896 5 130968 10 3 4872 4892 4096 4096 0 0 0 0 
4672
0 4432 130880 0 0 4464 0 0 131040 2 2 2 2 1 131008 4 0 0 1 130896 5 130968 10 3 4872 4892 4096 4096 0 0 0 0 
4676
0 4432 130880 0 0 4464 0 0 131040 2 2 2 4 1 131008 4 0 0 1 130896 5 130968 10 3 4872 4892 4096 4096 0 0 0 0 
4656
0 4432 130880 0 0 4464 0 0 131040 2 2 2 4 1 131008 4 0 0 1 130896 5 130968 10 3 4872 4892 4096 4096 0 0 0 0 
4660
0 4432 130880 0 0 4464 0 0 131040 2 2 2 4 0 131008 4 0 0 1 130896 5 130968 10 3 4872 4892 4096 4096 0 0 0 0 
4668
0 4432 130880 0 0 4464 0 0 131040 2 2 2 4 0 131008 4 0 0 1 130896 5 130968 10 3 4872 4892 4096 4096 0 0 0 0 
4672
0 4432 130880 0 0 4464 0 0 131040 2 2 1 4 0 131008 4 0 0 1 130896 5 130968 10 3 4872 4892 4096 4096 0 0 0 0 
4676
0 4432 130880 0 0 4464 0 0 131040 2 2 1 8 0 131008 4 0 0 1 130896 5 130968 10 3 4872 4892 4096 4096 0 0 0 0 
4656
0 4432 130880 0 0 4464 0 0 131040 2 2 1 8 0 131008 4 0 0 1 130896 5 130968 10 3 4872 4892 4096 4096 0 0 0 0 
4660
0 4432 130880 0 0 4464 0 0 131040 2 2 1 8 1 131008 4 0 0 1 130896 5 130968 10 3 4872 4892 4096 4096 0 0 0 0 
4664
0 4432 130880 0 0 4464 0 0 131040 2 2 1 8 1 131008 4 0 0 1 130896 5 130968 10 3 4872 4892 4096 4096 0 0 0 0 
4668
0 4432 130880 0 0 4464 0 0 131040 2 10 1 8 1 131008 4 0 0 1 130896 5 130968 10 3 4872 4892 4096 4096 0 0 0 0 
4672
0 4432 130880 0 0 4464 0 0 131040 2 10 0 8 1 131008 4 0 0 1 130896 5 130968 10 3 4872 4892 4096 4096 0 0 0 0 
4676
0 4432 130880 0 0 4464 0 0 131040 2 10 0 16 1 131008 4 0 0 1 130896 5 130968 10 3 4872 4892 4096 4096 0 0 0 0 
4680
0 4432 130880 0 0 4464 0 0 131040 2 10 0 16 1 131008 4 0 0 1 130896 5 130968 10 3 4872 4892 4096 4096 0 0 0 0 
4432
0 4432 130880 0 0 4464 0 0 131040 2 10 0 16 1 131008 4 0 0 1 130896 5 130968 10 3 4872 4892 4096 4096 0 0 0 0 
4436
0 4432 130880 0 0 4464 0 0 10 2 10 0 16 1 131008 4 0 0 1 130896 5 130968 10 3 4872 4892 4096 4096 0 0 0 0 
4440
0 4432 130880 0 0 4464 0 0 10 2 10 0 16 1 131008 4 0 0 1 130896 5 130968 10 3 4872 4892 4096 4096 0 0 0 0 
4444
0 4432 130880 0 0 4464 0 0 10 2 10 0 16 1 131008 40 0 0 1 130896 5 130968 10 3 4872 4892 4096 4096 0 0 0 0 
4448
0 4432 130880 0 0 4464 0 0 10 2 10 0 16 1 131008 4912 0 0 1 130896 5 130968 10 3 4872 4892 4096 4096 0 0 0 0 
4452
0 4432 130880 0 0 4464 0 0 10 2 10 0 16 1 131008 4912 0 0 1 130896 5 130968 10 3 4872 4892 4096 4096 0 0 0 0 
4456
0 4432 130880 0 0 4464 0 0 10 2 10 2 16 1 131008 4912 0 0 1 130896 5 130968 10 3 4872 4892 4096 4096 0 0 0 0 
4460
0 4432 130880 0 0 4464 0 0 10 2 5 2 16 1 131008 4912 0 0 1 130896 5 130968 10 3 4872 4892 4096 4096 0 0 0 0 
4816
0 4464 130880 0 0 4464 0 0 10 2 5 2 16 1 131008 4912 0 0 1 130896 5 130968 10 3 4872 4892 4096 4096 0 0 0 0 
4820
0 4464 130880 0 0 4464 0 0 10 2 5 2 16 1 131008 4912 0 0 1 130896 5 130968 10 3 4872 4892 4096 4096 0 0 0 0 
4824
0 4464 130880 0 0 4464 0 0 10 2 5 2 16 1 131008 4912 0 0 1 130896 5 130968 10 3 4872 4892 4096 4096 0 0 0 0 
4828
0 4464 130880 0 0 4464 0 0 10 2 5 2 16 1 131008 4912 0 0 1 130896 5 130968 10 3 4872 4892 4096 4096 0 0 0 0 
4692
0 4832 130880 0 0 4464 0 0 10 2 5 2 16 1 131008 4912 0 0 1 130896 5 130968 10 3 4872 4892 4096 4096 0 0 0 0 
4696
0 4832 130880 0 0 4464 0 0 10 2 5 2 2 1 131008 4912 0 0 1 130896 5 130968 10 3 4872 4892 4096 4096 0 0 0 0 
4700
0 4832 130880 0 0 4464 0 0 10 2 5 5 2 1 131008 4912 0 0 1 130896 5 130968 10 3 4872 4892 4096 4096 0 0 0 0 
4704
0 4832 130880 0 0 4464 0 0 10 2 -1 5 2 1 131008 4912 0 0 1 130896 5 130968 10 3 4872 4892 4096 4096 0 0 0 0 
4708
0 4832 130880 0 0 4464 0 0 10 2 -1 5 2 1 131008 4912 0 0 1 130896 5 130968 10 3 4872 4892 4096 4096 0 0 0 0 
4712
0 4832 130880 0 0 4464 0 0 10 2 -1 5 2 1 131008 4912 0 0 1 130896 5 130968 10 3 4872 4892 4096 4096 0 0 0 0 
4716
0 4832 130880 0 0 4464 0 0 10 2 -1 5 2 1 131008 4912 0 0 1 130896 5 130968 10 3 4872 4892 4096 4096 0 0 0 0 
4720
0 4832 130880 0 0 4464 0 0 10 2 -1 5 2 1 131008 4912 0 0 1 130896 5 130968 10 3 4872 4892 4096 4096 0 0 0 0 
4724
0 4832 130880 0 0 4464 0 0 10 2 -1 5 4 1 131008 4912 0 0 1 130896 5 130968 10 3 4872 4892 4096 4096 0 0 0 0 
4728
0 4832 130880 0 0 4464 0 0 10 2 -1 5 4 2 131008 4912 0 0 1 130896 5 130968 10 3 4872 4892 4096 4096 0 0 0 0 
4716
0 4832 130880 0 0 4464 0 0 10 2 -1 5 4 2 131008 4912 0 0 1 130896 5 130968 10 3 4872 4892 4096 4096 0 0 0 0 
4720
0 4832 130880 0 0 4464 0 0 10 2 -1 5 4 2 131008 4912 0 0 1 130896 5 130968 10 3 4872 4892 4096 4096 0 0 0 0 
4724
0 4832 130880 0 0 4464 0 0 10 2 -1 5 8 2 131008 4912 0 0 1 130896 5 130968 10 3 4872 4892 4096 4096 0 0 0 0 
4728
0 4832 130880 0 0 4464 0 0 10 2 -1 5 8 4 131008 4912 0 0 1 130896 5 130968 10 3 4872 4892 4096 4096 0 0 0 0 
4732
0 4832 130880 0 0 4464 0 0 10 2 -1 5 8 4 131008 4912 0 0 1 130896 5 130968 10 3 4872 4892 4096 4096 0 0 0 0 
4736
0 4832 130880 0 0 4464 0 0 10 2 0 5 8 4 131008 4912 0 0 1 130896 5 130968 10 3 4872 4892 4096 4096 0 0 0 0 
4748
0 4832 130880 0 0 4464 0 0 10 2 0 5 8 4 131008 4912 0 0 1 130896 5 130968 10 3 4872 4892 4096 4096 0 0 0 0 
4752
0 4832 130880 0 0 4464 0 0 10 2 0 5 8 2 131008 4912 0 0 1 130896 5 130968 10 3 4872 4892 4096 4096 0 0 0 0 
4756
0 4832 130880 0 0 4464 0 0 10 2 0 5 4 2 131008 4912 0 0 1 130896 5 130968 10 3 4872 4892 4096 4096 0 0 0 0 
4736
0 4832 130880 0 0 4464 0 0 10 2 0 5 4 2 131008 4912 0 0 1 130896 5 130968 10 3 4872 4892 4096 4096 0 0 0 0 
4740
0 4832 130880 0 0 4464 0 0 10 2 0 5 4 2 131008 4912 0 0 1 130896 5 130968 10 3 4872 4892 4096 4096 0 0 0 0 
4744
0 4832 130880 0 0 4464 0 0 10 2 0 1 4 2 131008 4912 0 0 1 130896 5 130968 10 3 4872 4892 4096 4096 0 0 0 0 
4748
0 4832 130880 0 0 4464 0 0 10 2 2 1 4 2 131008 4912 0 0 1 130896 5 130968 10 3 4872 4892 4096 4096 0 0 0 0 
4752
0 4832 130880 0 0 4464 0 0 10 2 2 1 4 1 131008 4912 0 0 1 130896 5 130968 10 3 4872 4892 4096 4096 0 0 0 0 
4756
0 4832 130880 0 0 4464 0 0 10 2 2 1 2 1 131008 4912 0 0 1 130896 5 130968 10 3 4872 4892 4096 4096 0 0 0 0 
4736
0 4832 130880 0 0 4464 0 0 10 2 2 1 2 1 131008 4912 0 0 1 130896 5 130968 10 3 4872 4892 4096 4096 0 0 0 0 
4748
0 4832 130880 0 0 4464 0 0 10 2 2 1 2 1 131008 4912 0 0 1 130896 5 130968 10 3 4872 4892 4096 4096 0 0 0 0 
4752
0 4832 130880 0 0 4464 0 0 10 2 2 1 2 0 131008 4912 0 0 1 130896 5 130968 10 3 4872 4892 4096 4096 0 0 0 0 
4756
0 4832 130880 0 0 4464 0 0 10 2 2 1 1 0 131008 4912 0 0 1 130896 5 130968 10 3 4872 4892 4096 4096 0 0 0 0 
4760
0 4832 130880 0 0 4464 0 0 10 2 2 1 1 0 131008 4912 0 0 1 130896 5 130968 10 3 4872 4892 4096 4096 0 0 0 0 
4832
0 4832 130880 0 0 4464 0 0 10 2 2 1 1 0 131008 4912 0 0 1 130896 5 130968 10 3 4872 4892 4096 4096 0 0 0 0 
4836
0 4832 130880 0 0 4464 0 0 10 2 1 1 1 0 131008 4912 0 0 1 130896 5 130968 10 3 4872 4892 4096 4096 0 0 0 0 
4464
0 4832 130880 0 0 4464 0 0 10 2 1 1 1 0 131008 4912 0 0 1 130896 5 130968 10 3 4872 4892 4096 4096 0 0 0 0 
4468
0 4832 130880 0 0 4464 0 0 10 2 1 1 1 0 131008 4912 0 0 1 130896 5 130968 10 3 4872 4892 4096 4096 0 0 0 0 
4472
0 4832 130880 0 0 4464 0 0 10 2 1 1 1 0 131008 4912 0 0 1 130896 5 130968 10 3 4872 4892 4096 4096 0 0 0 0 
4476
0 4832 130880 0 0 4464 0 0 10 2 1 1 1 0 131008 4912 0 0 1 130896 5 130968 10 3 4872 4892 4096 4096 0 0 0 0 
4480
0 4832 130880 0 0 4464 0 0 40 2 1 1 1 0 131008 4912 0 0 1 130896 5 130968 10 3 4872 4892 4096 4096 0 0 0 0 
4484
0 4832 130880 0 0 4464 0 0 40 2 1 1 1 0 131008 131008 0 0 1 130896 5 130968 10 3 4872 4892 4096 4096 0 0 0 0 
4488
0 4832 130880 0 0 4464 0 0 131048 2 1 1 1 0 131008 131008 0 0 1 130896 5 130968 10 3 4872 4892 4096 4096 0 0 0 0 
4492
0 4832 130880 0 0 4464 0 0 131048 2 1 1 1 0 131008 131008 0 0 1 130896 5 130968 10 3 4872 4892 4096 4096 0 0 0 0 
4496
0 4832 130880 0 0 4464 0 0 131048 2 4 1 1 0 131008 131008 0 0 1 130896 5 130968 10 3 4872 4892 4096 4096 0 0 0 0 
4648
0 4500 130880 0 0 4464 0 0 131048 2 4 1 1 0 131008 131008 0 0 1 130896 5 130968 10 3 4872 4892 4096 4096 0 0 0 0 
4652
0 4500 130880 0 0 4464 0 0 131048 2 4 1 4 0 131008 131008 0 0 1 130896 5 130968 10 3 4872 4892 4096 4096 0 0 0 0 
4656
0 4500 130880 0 0 4464 0 0 131048 2 0 1 4 0 131008 131008 0 0 1 130896 5 130968 10 3 4872 4892 4096 4096 0 0 0 0 
4660
0 4500 130880 0 0 4464 0 0 131048 2 0 1 4 1 131008 131008 0 0 1 130896 5 130968 10 3 4872 4892 4096 4096 0 0 0 0 
4664
0 4500 130880 0 0 4464 0 0 131048 2 0 1 4 1 131008 131008 0 0 1 130896 5 130968 10 3 4872 4892 4096 4096 0 0 0 0 
4668
0 4500 130880 0 0 4464 0 0 131048 2 4 1 4 1 131008 131008 0 0 1 130896 5 130968 10 3 4872 4892 4096 4096 0 0 0 0 
4672
0 4500 130880 0 0 4464 0 0 131048 2 4 0 4 1 131008 131008 0 0 1 130896 5 130968 10 3 4872 4892 4096 4096 0 0 0 0 
4676
0 4500 130880 0 0 4464 0 0 131048 2 4 0 8 1 131008 131008 0 0 1 130896 5 130968 10 3 4872 4892 4096 4096 0 0 0 0 
4680
0 4500 130880 0 0 4464 0 0 131048 2 4 0 8 1 131008 131008 0 0 1 130896 5 130968 10 3 4872 4892 4096 4096 0 0 0 0 
4500
0 4500 130880 0 0 4464 0 0 131048 2 4 0 8 1 131008 131008 0 0 1 130896 5 130968 10 3 4872 4892 4096 4096 0 0 0 0 
4504
0 4500 130880 0 0 4464 0 0 131048 2 4 0 8 1 131008 131008 0 0 1 130896 5 130968 10 3 4872 4892 4096 4096 0 0 0 0 
4508
0 4500 130880 0 0 4464 0 0 131048 2 4 0 8 1 131008 131008 0 0 2 130896 5 130968 10 3 4872 4892 4096 4096 0 0 0 0 
4512
0 4500 130880 0 0 4464 0 0 131048 2 4 0 8 1 131008 131008 0 0 2 130896 5 130968 10 3 4872 4892 4096 4096 0 0 0 0 
4516
0 4500 130880 0 0 4464 0 0 131048 3 4 0 8 1 131008 131008 0 0 2 130896 5 130968 10 3 4872 4892 4096 4096 0 0 0 0 
4520
0 4500 130880 0 0 4464 0 0 131048 3 4 5 8 1 131008 131008 0 0 2 130896 5 130968 10 3 4872 4892 4096 4096 0 0 0 0 
4524
0 4500 130880 0 0 4464 0 0 131048 3 3 5 8 1 131008 131008 0 0 2 130896 5 130968 10 3 4872 4892 4096 4096 0 0 0 0 
4648
0 4528 130880 0 0 4464 0 0 131048 3 3 5 8 1 131008 131008 0 0 2 130896 5 130968 10 3 4872 4892 4096 4096 0 0 0 0 
4652
0 4528 130880 0 0 4464 0 0 131048 3 3 5 3 1 131008 131008 0 0 2 130896 5 130968 10 3 4872 4892 4096 4096 0 0 0 0 
4656
0 4528 130880 0 0 4464 0 0 131048 3 0 5 3 1 131008 131008 0 0 2 130896 5 130968 10 3 4872 4892 4096 4096 0 0 0 0 
4660
0 4528 130880 0 0 4464 0 0 131048 3 0 5 3 1 131008 131008 0 0 2 130896 5 130968 10 3 4872 4892 4096 4096 0 0 0 0 
4664
0 4528 130880 0 0 4464 0 0 131048 3 0 5 3 1 131008 131008 0 0 2 130896 5 130968 10 3 4872 4892 4096 4096 0 0 0 0 
4668
0 4528 130880 0 0 4464 0 0 131048 3 3 5 3 1 131008 131008 0 0 2 130896 5 130968 10 3 4872 4892 4096 4096 0 0 0 0 
4672
0 4528 130880 0 0 4464 0 0 131048 3 3 2 3 1 131008 131008 0 0 2 130896 5 130968 10 3 4872 4892 4096 4096 0 0 0 0 
4676
0 4528 130880 0 0 4464 0 0 131048 3 3 2 6 1 131008 131008 0 0 2 130896 5 130968 10 3 4872 4892 4096 4096 0 0 0 0 
4656
0 4528 130880 0 0 4464 0 0 131048 3 3 2 6 1 131008 131008 0 0 2 130896 5 130968 10 3 4872 4892 4096 4096 0 0 0 0 
4660
0 4528 130880 0 0 4464 0 0 131048 3 3 2 6 0 131008 131008 0 0 2 130896 5 130968 10 3 4872 4892 4096 4096 0 0 0 0 
4668
0 4528 130880 0 0 4464 0 0 131048 3 3 2 6 0 131008 131008 0 0 2 130896 5 130968 10 3 4872 4892 4096 4096 0 0 0 0 
4672
0 4528 130880 0 0 4464 0 0 131048 3 3 1 6 0 131008 131008 0 0 2 130896 5 130968 10 3 4872 4892 4096 4096 0 0 0 0 
4676
0 4528 130880 0 0 4464 0 0 131048 3 3 1 12 0 131008 131008 0 0 2 130896 5 130968 10 3 4872 4892 4096 4096 0 0 0 0 
4656
0 4528 130880 0 0 4464 0 0 131048 3 3 1 12 0 131008 131008 0 0 2 130896 5 130968 10 3 4872 4892 4096 4096 0 0 0 0 
4660
0 4528 130880 0 0 4464 0 0 131048 3 3 1 12 1 131008 131008 0 0 2 130896 5 130968 10 3 4872 4892 4096 4096 0 0 0 0 
4664
0 4528 130880 0 0 4464 0 0 131048 3 3 1 12 1 131008 131008 0 0 2 130896 5 130968 10 3 4872 4892 4096 4096 0 0 0 0 
4668
0 4528 130880 0 0 4464 0 0 131048 3 15 1 12 1 131008 131008 0 0 2 130896 5 130968 10 3 4872 4892 4096 4096 0 0 0 0 
4672
0 4528 130880 0 0 4464 0 0 131048 3 15 0 12 1 131008 131008 0 0 2 130896 5 130968 10 3 4872 4892 4096 4096 0 0 0 0 
4676
0 4528 130880 0 0 4464 0 0 131048 3 15 0 24 1 131008 131008 0 0 2 130896 5 130968 10 3 4872 4892 4096 4096 0 0 0 0 
4680
0 4528 130880 0 0 4464 0 0 131048 3 15 0 24 1 131008 131008 0 0 2 130896 5 130968 10 3 4872 4892 4096 4096 0 0 0 0 
4528
0 4528 130880 0 0 4464 0 0 131048 3 15 0 24 1 131008 131008 0 0 2 130896 5 130968 10 3 4872 4892 4096 4096 0 0 0 0 
4532
0 4528 130880 0 0 4464 0 0 15 3 15 0 24 1 131008 131008 0 0 2 130896 5 130968 10 3 4872 4892 4096 4096 0 0 0 0 
4336
0 4528 130880 0 0 4464 0 0 15 3 15 0 24 1 131008 131008 0 0 2 130896 5 130968 10 3 4872 4892 4096 4096 0 0 0 0 
4340
0 4528 130880 0 0 4464 0 0 15 3 4 0 24 1 131008 131008 0 0 2 130896 5 130968 10 3 4872 4892 4096 4096 0 0 0 0 
4096
0 4344 130880 0 0 4464 0 0 15 3 4 0 24 1 131008 131008 0 0 2 130896 5 130968 10 3 4872 4892 4096 4096 0 0 0 0 
4100
0 4344 130880 0 0 4464 0 0 15 3 4 0 24 1 4096 131008 0 0 2 130896 5 130968 10 3 4872 4892 4096 4096 0 0 0 0 
4104
0 4344 130880 0 0 4464 0 0 15 3 4 0 24 1 4096 520 0 0 2 130896 5 130968 10 3 4872 4892 4096 4096 0 0 0 0 
4108
0 4344 130880 0 0 4464 0 0 15 3 524 0 24 1 4096 520 0 0 2 130896 5 130968 10 3 4872 4892 4096 4096 0 0 0 0 
4112
0 4344 130880 0 0 4464 0 0 15 3 697 0 24 1 4096 520 0 0 2 130896 5 130968 10 3 4872 4892 4096 4096 0 0 0 0 
4116
0 4344 130880 0 0 4464 0 0 15 3 697 0 24 1 4096 520 0 0 2 130896 5 130968 10 3 4872 4892 4096 4096 0 0 0 0 
4344
0 4344 130880 0 0 4464 0 0 15 3 697 0 24 1 4096 520 0 0 2 130896 5 130968 10 3 4872 4892 4096 4096 0 0 0 0 
4348
0 4344 130880 0 0 4464 0 0 15 3 697 0 24 1 4096 520 0 0 2 130896 6 130968 10 3 4872 4892 4096 4096 0 0 0 0 
4352
0 4344 130880 0 0 4464 0 0 15 3 697 0 24 1 4096 520 0 0 2 130896 6 130968 10 3 4872 4892 4096 4096 0 0 0 0 
4356
0 4344 130880 0 0 4464 0 0 15 3 697 0 24 1 4096 520 0 0 2 130896 6 130968 10 3 4872 4896 4096 4096 0 0 0 0 
4360
0 4344 130880 0 0 4464 0 0 15 3 697 0 24 1 4096 520 0 0 2 130896 6 130972 10 3 4872 4896 4096 4096 0 0 0 0 
4364
0 4344 130880 0 0 4464 0 0 15 3 697 0 24 1 4096 520 0 0 2 130896 6 130972 10 3 4872 4896 4096 4096 0 0 0 0 
4368
0 4344 130880 0 0 4464 0 0 15 3 697 0 24 1 4096 0 0 0 2 130896 6 130972 10 3 4872 4896 4096 4096 0 0 0 0 
4408
0 4344 130880 0 0 4464 0 0 15 3 697 0 24 1 4096 0 0 0 2 130896 6 130972 10 3 4872 4896 4096 4096 0 0 0 0 
4412
0 4344 130880 0 0 4464 0 0 15 3 697 0 24 1 4096 0 0 0 2 130896 6 130972 10 3 4872 4896 4096 4096 0 0 0 0 
4416
0 4344 130880 0 0 4464 0 0 15 3 697 0 24 1 4096 0 0 0 2 130896 6 130972 10 3 4872 4896 4096 4096 0 0 0 0 
4420
0 4344 130880 0 0 4464 0 0 15 2 697 0 24 1 4096 0 0 0 2 130896 6 130972 10 3 4872 4896 4096 4096 0 0 0 0 
4424
0 4344 130880 0 0 4464 0 0 15 2 697 6 24 1 4096 0 0 0 2 130896 6 130972 10 3 4872 4896 4096 4096 0 0 0 0 
4428
0 4344 130880 0 0 4464 0 0 15 2 2 6 24 1 4096 0 0 0 2 130896 6 130972 10 3 4872 4896 4096 4096 0 0 0 0 
4648
0 4432 130880 0 0 4464 0 0 15 2 2 6 24 1 4096 0 0 0 2 130896 6 130972 10 3 4872 4896 4096 4096 0 0 0 0 
4652
0 4432 130880 0 0 4464 0 0 15 2 2 6 2 1 4096 0 0 0 2 130896 6 130972 10 3 4872 4896 4096 4096 0 0 0 0 
4656
0 4432 130880 0 0 4464 0 0 15 2 0 6 2 1 4096 0 0 0 2 130896 6 130972 10 3 4872 4896 4096 4096 0 0 0 0 
4660
0 4432 130880 0 0 4464 0 0 15 2 0 6 2 0 4096 0 0 0 2 130896 6 130972 10 3 4872 4896 4096 4096 0 0 0 0 
4668
0 4432 130880 0 0 4464 0 0 15 2 0 6 2 0 4096 0 0 0 2 130896 6 130972 10 3 4872 4896 4096 4096 0 0 0 0 
4672
0 4432 130880 0 0 4464 0 0 15 2 0 3 2 0 4096 0 0 0 2 130896 6 130972 10 3 4872 4896 4096 4096 0 0 0 0 
4676
0 4432 130880 0 0 4464 0 0 15 2 0 3 4 0 4096 0 0 0 2 130896 6 130972 10 3 4872 4896 4096 4096 0 0 0 0 
4656
0 4432 130880 0 0 4464 0 0 15 2 0 3 4 0 4096 0 0 0 2 130896 6 130972 10 3 4872 4896 4096 4096 0 0 0 0 
4660
0 4432 130880 0 0 4464 0 0 15 2 0 3 4 1 4096 0 0 0 2 130896 6 130972 10 3 4872 4896 4096 4096 0 0 0 0 
4664
0 4432 130880 0 0 4464 0 0 15 2 0 3 4 1 4096 0 0 0 2 130896 6 130972 10 3 4872 4896 4096 4096 0 0 0 0 
4668
0 4432 130880 0 0 4464 0 0 15 2 4 3 4 1 4096 0 0 0 2 130896 6 130972 10 3 4872 4896 4096 4096 0 0 0 0 
4672
0 4432 130880 0 0 4464 0 0 15 2 4 1 4 1 4096 0 0 0 2 130896 6 130972 10 3 4872 4896 4096 4096 0 0 0 0 
4676
0 4432 130880 0 0 4464 0 0 15 2 4 1 8 1 4096 0 0 0 2 130896 6 130972 10 3 4872 4896 4096 4096 0 0 0 0 
4656
0 4432 130880 0 0 4464 0 0 15 2 4 1 8 1 4096 0 0 0 2 130896 6 130972 10 3 4872 4896 4096 4096 0 0 0 0 
4660
0 4432 130880 0 0 4464 0 0 15 2 4 1 8 1 4096 0 0 0 2 130896 6 130972 10 3 4872 4896 4096 4096 0 0 0 0 
4664
0 4432 130880 0 0 4464 0 0 15 2 4 1 8 1 4096 0 0 0 2 130896 6 130972 10 3 4872 4896 4096 4096 0 0 0 0 
4668
0 4432 130880 0 0 4464 0 0 15 2 12 1 8 1 4096 0 0 0 2 130896 6 130972 10 3 4872 4896 4096 4096 0 0 0 0 
4672
0 4432 130880 0 0 4464 0 0 15 2 12 0 8 1 4096 0 0 0 2 130896 6 130972 10 3 4872 4896 4096 4096 0 0 0 0 
4676
0 4432 130880 0 0 4464 0 0 15 2 12 0 16 1 4096 0 0 0 2 130896 6 130972 10 3 4872 4896 4096 4096 0 0 0 0 
4680
0 4432 130880 0 0 4464 0 0 15 2 12 0 16 1 4096 0 0 0 2 130896 6 130972 10 3 4872 4896 4096 4096 0 0 0 0 
4432
0 4432 130880 0 0 4464 0 0 15 2 12 0 16 1 4096 0 0 0 2 130896 6 130972 10 3 4872 4896 4096 4096 0 0 0 0 
4436
0 4432 130880 0 0 4464 0 0 12 2 12 0 16 1 4096 0 0 0 2 130896 6 130972 10 3 4872 4896 4096 4096 0 0 0 0 
4336
0 4432 130880 0 0 4464 0 0 12 2 12 0 16 1 4096 0 0 0 2 130896 6 130972 10 3 4872 4896 4096 4096 0 0 0 0 
4340
0 4432 130880 0 0 4464 0 0 12 2 2 0 16 1 4096 0 0 0 2 130896 6 130972 10 3 4872 4896 4096 4096 0 0 0 0 
4096
0 4344 130880 0 0 4464 0 0 12 2 2 0 16 1 4096 0 0 0 2 130896 6 130972 10 3 4872 4896 4096 4096 0 0 0 0 
4100
0 4344 130880 0 0 4464 0 0 12 2 2 0 16 1 4096 0 0 0 2 130896 6 130972 10 3 4872 4896 4096 4096 0 0 0 0 
4104
0 4344 130880 0 0 4464 0 0 12 2 2 0 16 1 4096 697 0 0 2 130896 6 130972 10 3 4872 4896 4096 4096 0 0 0 0 
4108
0 4344 130880 0 0 4464 0 0 12 2 699 0 16 1 4096 697 0 0 2 130896 6 130972 10 3 4872 4896 4096 4096 0 0 0 0 
4112
0 4344 130880 0 0 4464 0 0 12 2 872 0 16 1 4096 697 0 0 2 130896 6 130972 10 3 4872 4896 4096 4096 0 0 0 0 
4116
0 4344 130880 0 0 4464 0 0 12 2 872 0 16 1 4096 697 0 0 2 130896 6 130972 10 3 4872 4896 4096 4096 0 0 0 0 
4344
0 4344 130880 0 0 4464 0 0 12 2 872 0 16 1 4096 697 0 0 2 130896 6 130972 10 3 4872 4896 4096 4096 0 0 0 0 
4348
0 4344 130880 0 0 4464 0 0 12 2 872 0 16 1 4096 697 0 0 2 130896 7 130972 10 3 4872 4896 4096 4096 0 0 0 0 
4352
0 4344 130880 0 0 4464 0 0 12 2 872 0 16 1 4096 697 0 0 2 130896 7 130972 10 3 4872 4896 4096 4096 0 0 0 0 
4356
0 4344 130880 0 0 4464 0 0 12 2 872 0 16 1 4096 697 0 0 2 130896 7 130972 10 3 4872 4900 4096 4096 0 0 0 0 
4360
0 4344 130880 0 0 4464 0 0 12 2 872 0 16 1 4096 697 0 0 2 130896 7 130976 10 3 4872 4900 4096 4096 0 0 0 0 
4364
0 4344 130880 0 0 4464 0 0 12 2 872 0 16 1 4096 697 0 0 2 130896 7 130976 10 3 4872 4900 4096 4096 0 0 0 0 
4368
0 4344 130880 0 0 4464 0 0 12 2 872 0 16 1 4096 1 0 0 2 130896 7 130976 10 3 4872 4900 4096 4096 0 0 0 0 
4372
0 4344 130880 0 0 4464 0 0 12 2 872 0 16 1 4096 1 0 0 2 130896 7 130976 10 3 4872 4900 4096 4096 0 0 0 0 
4376
0 4344 130880 0 0 4464 0 0 12 2 872 0 16 1 4096 3 0 0 2 130896 7 130976 10 3 4872 4900 4096 4096 0 0 0 0 
4380
0 4344 130880 0 0 4464 0 0 12 2 872 0 16 1 4096 4 0 0 2 130896 7 130976 10 3 4872 4900 4096 4096 0 0 0 0 
4384
0 4344 130880 0 0 4464 0 0 12 2 872 0 16 1 4096 4 0 0 2 130896 7 130976 10 3 4872 4900 4096 4096 0 0 0 0 
4388
0 4344 130880 0 0 4464 0 0 12 2 872 0 16 1 4096 16 0 0 2 130896 7 130976 10 3 4872 4900 4096 4096 0 0 0 0 
4392
0 4344 130880 0 0 4464 0 0 12 2 872 0 16 1 131008 16 0 0 2 130896 7 130976 10 3 4872 4900 4096 4096 0 0 0 0 
4396
0 4344 130880 0 0 4464 0 0 12 2 872 0 16 1 131008 131024 0 0 2 130896 7 130976 10 3 4872 4900 4096 4096 0 0 0 0 
4400
0 4344 130880 0 0 4464 0 0 12 2 872 0 16 1 131008 131024 0 0 2 130896 7 130976 10 3 4872 4900 4096 4096 0 0 0 0 
4404
0 4344 130880 0 0 4464 0 0 12 2 872 0 16 1 131008 6 0 0 2 130896 7 130976 10 3 4872 4900 4096 4096 0 0 0 0 
4408
0 4344 130880 0 0 4464 0 0 12 2 872 0 16 1 131008 6 0 0 2 130896 7 130976 10 3 4872 4900 4096 4096 0 0 0 0 
4412
0 4344 130880 0 0 4464 0 0 12 2 872 0 16 1 131008 6 0 0 2 130896 7 130976 10 4 4872 4900 4096 4096 0 0 0 0 
4416
0 4344 130880 0 0 4464 0 0 12 2 872 0 16 1 131008 6 0 0 2 130896 7 130976 10 4 4872 4900 4096 4096 0 0 0 0 
4420
0 4344 130880 0 0 4464 0 0 12 2 872 0 16 1 131008 6 0 0 2 130896 7 130976 10 4 4872 4900 4096 4096 0 0 0 0 
4424
0 4344 130880 0 0 4464 0 0 12 2 872 7 16 1 131008 6 0 0 2 130896 7 130976 10 4 4872 4900 4096 4096 0 0 0 0 
4428
0 4344 130880 0 0 4464 0 0 12 2 2 7 16 1 131008 6 0 0 2 130896 7 130976 10 4 4872 4900 4096 4096 0 0 0 0 
4648
0 4432 130880 0 0 4464 0 0 12 2 2 7 16 1 131008 6 0 0 2 130896 7 130976 10 4 4872 4900 4096 4096 0 0 0 0 
4652
0 4432 130880 0 0 4464 0 0 12 2 2 7 2 1 131008 6 0 0 2 130896 7 130976 10 4 4872 4900 4096 4096 0 0 0 0 
4656
0 4432 130880 0 0 4464 0 0 12 2 0 7 2 1 131008 6 0 0 2 130896 7 130976 10 4 4872 4900 4096 4096 0 0 0 0 
4660
0 4432 130880 0 0 4464 0 0 12 2 0 7 2 1 131008 6 0 0 2 130896 7 130976 10 4 4872 4900 4096 4096 0 0 0 0 
4664
0 4432 130880 0 0 4464 0 0 12 2 0 7 2 1 131008 6 0 0 2 130896 7 130976 10 4 4872 4900 4096 4096 0 0 0 0 
4668
0 4432 130880 0 0 4464 0 0 12 2 2 7 2 1 131008 6 0 0 2 130896 7 130976 10 4 4872 4900 4096 4096 0 0 0 0 
4672
0 4432 130880 0 0 4464 0 0 12 2 2 3 2 1 131008 6 0 0 2 130896 7 130976 10 4 4872 4900 4096 4096 0 0 0 0 
4676
0 4432 130880 0 0 4464 0 0 12 2 2 3 4 1 131008 6 0 0 2 130896 7 130976 10 4 4872 4900 4096 4096 0 0 0 0 
4656
0 4432 130880 0 0 4464 0 0 12 2 2 3 4 1 131008 6 0 0 2 130896 7 130976 10 4 4872 4900 4096 4096 0 0 0 0 
4660
0 4432 130880 0 0 4464 0 0 12 2 2 3 4 1 131008 6 0 0 2 130896 7 130976 10 4 4872 4900 4096 4096 0 0 0 0 
4664
0 4432 130880 0 0 4464 0 0 12 2 2 3 4 1 131008 6 0 0 2 130896 7 130976 10 4 4872 4900 4096 4096 0 0 0 0 
4668
0 4432 130880 0 0 4464 0 0 12 2 6 3 4 1 131008 6 0 0 2 130896 7 130976 10 4 4872 4900 4096 4096 0 0 0 0 
4672
0 4432 130880 0 0 4464 0 0 12 2 6 1 4 1 131008 6 0 0 2 130896 7 130976 10 4 4872 4900 4096 4096 0 0 0 0 
4676
0 4432 130880 0 0 4464 0 0 12 2 6 1 8 1 131008 6 0 0 2 130896 7 130976 10 4 4872 4900 4096 4096 0 0 0 0 
4656
0 4432 130880 0 0 4464 0 0 12 2 6 1 8 1 131008 6 0 0 2 130896 7 130976 10 4 4872 4900 4096 4096 0 0 0 0 
4660
0 4432 130880 0 0 4464 0 0 12 2 6 1 8 1 131008 6 0 0 2 130896 7 130976 10 4 4872 4900 4096 4096 0 0 0 0 
4664
0 4432 130880 0 0 4464 0 0 12 2 6 1 8 1 131008 6 0 0 2 130896 7 130976 10 4 4872 4900 4096 4096 0 0 0 0 
4668
0 4432 130880 0 0 4464 0 0 12 2 14 1 8 1 131008 6 0 0 2 130896 7 130976 10 4 4872 4900 4096 4096 0 0 0 0 
4672
0 4432 130880 0 0 4464 0 0 12 2 14 0 8 1 131008 6 0 0 2 130896 7 130976 10 4 4872 4900 4096 4096 0 0 0 0 
4676
0 4432 130880 0 0 4464 0 0 12 2 14 0 16 1 131008 6 0 0 2 130896 7 130976 10 4 4872 4900 4096 4096 0 0 0 0 
4680
0 4432 130880 0 0 4464 0 0 12 2 14 0 16 1 131008 6 0 0 2 130896 7 130976 10 4 4872 4900 4096 4096 0 0 0 0 
4432
0 4432 130880 0 0 4464 0 0 12 2 14 0 16 1 131008 6 0 0 2 130896 7 130976 10 4 4872 4900 4096 4096 0 0 0 0 
4436
0 4432 130880 0 0 4464 0 0 14 2 14 0 16 1 131008 6 0 0 2 130896 7 130976 10 4 4872 4900 4096 4096 0 0 0 0 
4336
0 4432 130880 0 0 4464 0 0 14 2 14 0 16 1 131008 6 0 0 2 130896 7 130976 10 4 4872 4900 4096 4096 0 0 0 0 
4340
0 4432 130880 0 0 4464 0 0 14 2 6 0 16 1 131008 6 0 0 2 130896 7 130976 10 4 4872 4900 4096 4096 0 0 0 0 
4096
0 4344 130880 0 0 4464 0 0 14 2 6 0 16 1 131008 6 0 0 2 130896 7 130976 10 4 4872 4900 4096 4096 0 0 0 0 
4100
0 4344 130880 0 0 4464 0 0 14 2 6 0 16 1 4096 6 0 0 2 130896 7 130976 10 4 4872 4900 4096 4096 0 0 0 0 
4104
0 4344 130880 0 0 4464 0 0 14 2 6 0 16 1 4096 872 0 0 2 130896 7 130976 10 4 4872 4900 4096 4096 0 0 0 0 
4108
0 4344 130880 0 0 4464 0 0 14 2 878 0 16 1 4096 872 0 0 2 130896 7 130976 10 4 4872 4900 4096 4096 0 0 0 0 
4112
0 4344 130880 0 0 4464 0 0 14 2 1051 0 16 1 4096 872 0 0 2 130896 7 130976 10 4 4872 4900 4096 4096 0 0 0 0 
4116
0 4344 130880 0 0 4464 0 0 14 2 1051 0 16 1 4096 872 0 0 2 130896 7 130976 10 4 4872 4900 4096 4096 0 0 0 0 
4344
0 4344 130880 0 0 4464 0 0 14 2 1051 0 16 1 4096 872 0 0 2 130896 7 130976 10 4 4872 4900 4096 4096 0 0 0 0 
4348
0 4344 130880 0 0 4464 0 0 14 2 1051 0 16 1 4096 872 0 0 2 130896 8 130976 10 4 4872 4900 4096 4096 0 0 0 0 
4352
0 4344 130880 0 0 4464 0 0 14 2 1051 0 16 1 4096 872 0 0 2 130896 8 130976 10 4 4872 4900 4096 4096 0 0 0 0 
4356
0 4344 130880 0 0 4464 0 0 14 2 1051 0 16 1 4096 872 0 0 2 130896 8 130976 10 4 4872 4904 4096 4096 0 0 0 0 
4360
0 4344 130880 0 0 4464 0 0 14 2 1051 0 16 1 4096 872 0 0 2 130896 8 130980 10 4 4872 4904 4096 4096 0 0 0 0 
4364
0 4344 130880 0 0 4464 0 0 14 2 1051 0 16 1 4096 872 0 0 2 130896 8 130980 10 4 4872 4904 4096 4096 0 0 0 0 
4368
0 4344 130880 0 0 4464 0 0 14 2 1051 0 16 1 4096 0 0 0 2 130896 8 130980 10 4 4872 4904 4096 4096 0 0 0 0 
4408
0 4344 130880 0 0 4464 0 0 14 2 1051 0 16 1 4096 0 0 0 2 130896 8 130980 10 4 4872 4904 4096 4096 0 0 0 0 
4412
0 4344 130880 0 0 4464 0 0 14 2 1051 0 16 1 4096 0 0 0 2 130896 8 130980 10 4 4872 4904 4096 4096 0 0 0 0 
4416
0 4344 130880 0 0 4464 0 0 14 2 1051 0 16 1 4096 0 0 0 2 130896 8 130980 10 4 4872 4904 4096 4096 0 0 0 0 
4420
0 4344 130880 0 0 4464 0 0 14 2 1051 0 16 1 4096 0 0 0 2 130896 8 130980 10 4 4872 4904 4096 4096 0 0 0 0 
4424
0 4344 130880 0 0 4464 0 0 14 2 1051 8 16 1 4096 0 0 0 2 130896 8 130980 10 4 4872 4904 4096 4096 0 0 0 0 
4428
0 4344 130880 0 0 4464 0 0 14 2 2 8 16 1 4096 0 0 0 2 130896 8 130980 10 4 4872 4904 4096 4096 0 0 0 0 
4648
0 4432 130880 0 0 4464 0 0 14 2 2 8 16 1 4096 0 0 0 2 130896 8 130980 10 4 4872 4904 4096 4096 0 0 0 0 
4652
0 4432 130880 0 0 4464 0 0 14 2 2 8 2 1 4096 0 0 0 2 130896 8 130980 10 4 4872 4904 4096 4096 0 0 0 0 
4656
0 4432 130880 0 0 4464 0 0 14 2 0 8 2 1 4096 0 0 0 2 130896 8 130980 10 4 4872 4904 4096 4096 0 0 0 0 
4660
0 4432 130880 0 0 4464 0 0 14 2 0 8 2 0 4096 0 0 0 2 130896 8 130980 10 4 4872 4904 4096 4096 0 0 0 0 
4668
0 4432 130880 0 0 4464 0 0 14 2 0 8 2 0 4096 0 0 0 2 130896 8 130980 10 4 4872 4904 4096 4096 0 0 0 0 
4672
0 4432 130880 0 0 4464 0 0 14 2 0 4 2 0 4096 0 0 0 2 130896 8 130980 10 4 4872 4904 4096 4096 0 0 0 0 
4676
0 4432 130880 0 0 4464 0 0 14 2 0 4 4 0 4096 0 0 0 2 130896 8 130980 10 4 4872 4904 4096 4096 0 0 0 0 
4656
0 4432 130880 0 0 4464 0 0 14 2 0 4 4 0 4096 0 0 0 2 130896 8 130980 10 4 4872 4904 4096 4096 0 0 0 0 
4660
0 4432 130880 0 0 4464 0 0 14 2 0 4 4 0 4096 0 0 0 2 130896 8 130980 10 4 4872 4904 4096 4096 0 0 0 0 
4668
0 4432 130880 0 0 4464 0 0 14 2 0 4 4 0 4096 0 0 0 2 130896 8 130980 10 4 4872 4904 4096 4096 0 0 0 0 
4672
0 4432 130880 0 0 4464 0 0 14 2 0 2 4 0 4096 0 0 0 2 130896 8 130980 10 4 4872 4904 4096 4096 0 0 0 0 
4676
0 4432 130880 0 0 4464 0 0 14 2 0 2 8 0 4096 0 0 0 2 130896 8 130980 10 4 4872 4904 4096 4096 0 0 0 0 
4656
0 4432 130880 0 0 4464 0 0 14 2 0 2 8 0 4096 0 0 0 2 130896 8 130980 10 4 4872 4904 4096 4096 0 0 0 0 
4660
0 4432 130880 0 0 4464 0 0 14 2 0 2 8 0 4096 0 0 0 2 130896 8 130980 10 4 4872 4904 4096 4096 0 0 0 0 
4668
0 4432 130880 0 0 4464 0 0 14 2 0 2 8 0 4096 0 0 0 2 130896 8 130980 10 4 4872 4904 4096 4096 0 0 0 0 
4672
0 4432 130880 0 0 4464 0 0 14 2 0 1 8 0 4096 0 0 0 2 130896 8 130980 10 4 4872 4904 4096 4096 0 0 0 0 
4676
0 4432 130880 0 0 4464 0 0 14 2 0 1 16 0 4096 0 0 0 2 130896 8 130980 10 4 4872 4904 4096 4096 0 0 0 0 
4656
0 4432 130880 0 0 4464 0 0 14 2 0 1 16 0 4096 0 0 0 2 130896 8 130980 10 4 4872 4904 4096 4096 0 0 0 0 
4660
0 4432 130880 0 0 4464 0 0 14 2 0 1 16 1 4096 0 0 0 2 130896 8 130980 10 4 4872 4904 4096 4096 0 0 0 0 
4664
0 4432 130880 0 0 4464 0 0 14 2 0 1 16 1 4096 0 0 0 2 130896 8 130980 10 4 4872 4904 4096 4096 0 0 0 0 
4668
0 4432 130880 0 0 4464 0 0 14 2 16 1 16 1 4096 0 0 0 2 130896 8 130980 10 4 4872 4904 4096 4096 0 0 0 0 
4672
0 4432 130880 0 0 4464 0 0 14 2 16 0 16 1 4096 0 0 0 2 130896 8 130980 10 4 4872 4904 4096 4096 0 0 0 0 
4676
0 4432 130880 0 0 4464 0 0 14 2 16 0 32 1 4096 0 0 0 2 130896 8 130980 10 4 4872 4904 4096 4096 0 0 0 0 
4680
0 4432 130880 0 0 4464 0 0 14 2 16 0 32 1 4096 0 0 0 2 130896 8 130980 10 4 4872 4904 4096 4096 0 0 0 0 
4432
0 4432 130880 0 0 4464 0 0 14 2 16 0 32 1 4096 0 0 0 2 130896 8 130980 10 4 4872 4904 4096 4096 0 0 0 0 
4436
0 4432 130880 0 0 4464 0 0 16 2 16 0 32 1 4096 0 0 0 2 130896 8 130980 10 4 4872 4904 4096 4096 0 0 0 0 
4336
0 4432 130880 0 0 4464 0 0 16 2 16 0 32 1 4096 0 0 0 2 130896 8 130980 10 4 4872 4904 4096 4096 0 0 0 0 
4340
0 4432 130880 0 0 4464 0 0 16 2 4 0 32 1 4096 0 0 0 2 130896 8 130980 10 4 4872 4904 4096 4096 0 0 0 0 
4096
0 4344 130880 0 0 4464 0 0 16 2 4 0 32 1 4096 0 0 0 2 130896 8 130980 10 4 4872 4904 4096 4096 0 0 0 0 
4100
0 4344 130880 0 0 4464 0 0 16 2 4 0 32 1 4096 0 0 0 2 130896 8 130980 10 4 4872 4904 4096 4096 0 0 0 0 
4104
0 4344 130880 0 0 4464 0 0 16 2 4 0 32 1 4096 1051 0 0 2 130896 8 130980 10 4 4872 4904 4096 4096 0 0 0 0 
4108
0 4344 130880 0 0 4464 0 0 16 2 1055 0 32 1 4096 1051 0 0 2 130896 8 130980 10 4 4872 4904 4096 4096 0 0 0 0 
4112
0 4344 130880 0 0 4464 0 0 16 2 1228 0 32 1 4096 1051 0 0 2 130896 8 130980 10 4 4872 4904 4096 4096 0 0 0 0 
4116
0 4344 130880 0 0 4464 0 0 16 2 1228 0 32 1 4096 1051 0 0 2 130896 8 130980 10 4 4872 4904 4096 4096 0 0 0 0 
4344
0 4344 130880 0 0 4464 0 0 16 2 1228 0 32 1 4096 1051 0 0 2 130896 8 130980 10 4 4872 4904 4096 4096 0 0 0 0 
4348
0 4344 130880 0 0 4464 0 0 16 2 1228 0 32 1 4096 1051 0 0 2 130896 9 130980 10 4 4872 4904 4096 4096 0 0 0 0 
4352
0 4344 130880 0 0 4464 0 0 16 2 1228 0 32 1 4096 1051 0 0 2 130896 9 130980 10 4 4872 4904 4096 4096 0 0 0 0 
4356
0 4344 130880 0 0 4464 0 0 16 2 1228 0 32 1 4096 1051 0 0 2 130896 9 130980 10 4 4872 4908 4096 4096 0 0 0 0 
4360
0 4344 130880 0 0 4464 0 0 16 2 1228 0 32 1 4096 1051 0 0 2 130896 9 130984 10 4 4872 4908 4096 4096 0 0 0 0 
4364
0 4344 130880 0 0 4464 0 0 16 2 1228 0 32 1 4096 1051 0 0 2 130896 9 130984 10 4 4872 4908 4096 4096 0 0 0 0 
4368
0 4344 130880 0 0 4464 0 0 16 2 1228 0 32 1 4096 0 0 0 2 130896 9 130984 10 4 4872 4908 4096 4096 0 0 0 0 
4408
0 4344 130880 0 0 4464 0 0 16 2 1228 0 32 1 4096 0 0 0 2 130896 9 130984 10 4 4872 4908 4096 4096 0 0 0 0 
4412
0 4344 130880 0 0 4464 0 0 16 2 1228 0 32 1 4096 0 0 0 2 130896 9 130984 10 4 4872 4908 4096 4096 0 0 0 0 
4416
0 4344 130880 0 0 4464 0 0 16 2 1228 0 32 1 4096 0 0 0 2 130896 9 130984 10 4 4872 4908 4096 4096 0 0 0 0 
4420
0 4344 130880 0 0 4464 0 0 16 2 1228 0 32 1 4096 0 0 0 2 130896 9 130984 10 4 4872 4908 4096 4096 0 0 0 0 
4424
0 4344 130880 0 0 4464 0 0 16 2 1228 9 32 1 4096 0 0 0 2 130896 9 130984 10 4 4872 4908 4096 4096 0 0 0 0 
4428
0 4344 130880 0 0 4464 0 0 16 2 2 9 32 1 4096 0 0 0 2 130896 9 130984 10 4 4872 4908 4096 4096 0 0 0 0 
4648
0 4432 130880 0 0 4464 0 0 16 2 2 9 32 1 4096 0 0 0 2 130896 9 130984 10 4 4872 4908 4096 4096 0 0 0 0 
4652
0 4432 130880 0 0 4464 0 0 16 2 2 9 2 1 4096 0 0 0 2 130896 9 130984 10 4 4872 4908 4096 4096 0 0 0 0 
4656
0 4432 130880 0 0 4464 0 0 16 2 0 9 2 1 4096 0 0 0 2 130896 9 130984 10 4 4872 4908 4096 4096 0 0 0 0 
4660
0 4432 130880 0 0 4464 0 0 16 2 0 9 2 1 4096 0 0 0 2 130896 9 130984 10 4 4872 4908 4096 4096 0 0 0 0 
4664
0 4432 130880 0 0 4464 0 0 16 2 0 9 2 1 4096 0 0 0 2 130896 9 130984 10 4 4872 4908 4096 4096 0 0 0 0 
4668
0 4432 130880 0 0 4464 0 0 16 2 2 9 2 1 4096 0 0 0 2 130896 9 130984 10 4 4872 4908 4096 4096 0 0 0 0 
4672
0 4432 130880 0 0 4464 0 0 16 2 2 4 2 1 4096 0 0 0 2 130896 9 130984 10 4 4872 4908 4096 4096 0 0 0 0 
4676
0 4432 130880 0 0 4464 0 0 16 2 2 4 4 1 4096 0 0 0 2 130896 9 130984 10 4 4872 4908 4096 4096 0 0 0 0 
4656
0 4432 130880 0 0 4464 0 0 16 2 2 4 4 1 4096 0 0 0 2 130896 9 130984 10 4 4872 4908 4096 4096 0 0 0 0 
4660
0 4432 130880 0 0 4464 0 0 16 2 2 4 4 0 4096 0 0 0 2 130896 9 130984 10 4 4872 4908 4096 4096 0 0 0 0 
4668
0 4432 130880 0 0 4464 0 0 16 2 2 4 4 0 4096 0 0 0 2 130896 9 130984 10 4 4872 4908 4096 4096 0 0 0 0 
4672
0 4432 130880 0 0 4464 0 0 16 2 2 2 4 0 4096 0 0 0 2 130896 9 130984 10 4 4872 4908 4096 4096 0 0 0 0 
4676
0 4432 130880 0 0 4464 0 0 16 2 2 2 8 0 4096 0 0 0 2 130896 9 130984 10 4 4872 4908 4096 4096 0 0 0 0 
4656
0 4432 130880 0 0 4464 0 0 16 2 2 2 8 0 4096 0 0 0 2 130896 9 130984 10 4 4872 4908 4096 4096 0 0 0 0 
4660
0 4432 130880 0 0 4464 0 0 16 2 2 2 8 0 4096 0 0 0 2 130896 9 130984 10 4 4872 4908 4096 4096 0 0 0 0 
4668
0 4432 130880 0 0 4464 0 0 16 2 2 2 8 0 4096 0 0 0 2 130896 9 130984 10 4 4872 4908 4096 4096 0 0 0 0 
4672
0 4432 130880 0 0 4464 0 0 16 2 2 1 8 0 4096 0 0 0 2 130896 9 130984 10 4 4872 4908 4096 4096 0 0 0 0 
4676
0 4432 130880 0 0 4464 0 0 16 2 2 1 16 0 4096 0 0 0 2 130896 9 130984 10 4 4872 4908 4096 4096 0 0 0 0 
4656
0 4432 130880 0 0 4464 0 0 16 2 2 1 16 0 4096 0 0 0 2 130896 9 130984 10 4 4872 4908 4096 4096 0 0 0 0 
4660
0 4432 130880 0 0 4464 0 0 16 2 2 1 16 1 4096 0 0 0 2 130896 9 130984 10 4 4872 4908 4096 4096 0 0 0 0 
4664
0 4432 130880 0 0 4464 0 0 16 2 2 1 16 1 4096 0 0 0 2 130896 9 130984 10 4 4872 4908 4096 4096 0 0 0 0 
4668
0 4432 130880 0 0 4464 0 0 16 2 18 1 16 1 4096 0 0 0 2 130896 9 130984 10 4 4872 4908 4096 4096 0 0 0 0 
4672
0 4432 130880 0 0 4464 0 0 16 2 18 0 16 1 4096 0 0 0 2 130896 9 130984 10 4 4872 4908 4096 4096 0 0 0 0 
4676
0 4432 130880 0 0 4464 0 0 16 2 18 0 32 1 4096 0 0 0 2 130896 9 130984 10 4 4872 4908 4096 4096 0 0 0 0 
4680
0 4432 130880 0 0 4464 0 0 16 2 18 0 32 1 4096 0 0 0 2 130896 9 130984 10 4 4872 4908 4096 4096 0 0 0 0 
4432
0 4432 130880 0 0 4464 0 0 16 2 18 0 32 1 4096 0 0 0 2 130896 9 130984 10 4 4872 4908 4096 4096 0 0 0 0 
4436
0 4432 130880 0 0 4464 0 0 18 2 18 0 32 1 4096 0 0 0 2 130896 9 130984 10 4 4872 4908 4096 4096 0 0 0 0 
4336
0 4432 130880 0 0 4464 0 0 18 2 18 0 32 1 4096 0 0 0 2 130896 9 130984 10 4 4872 4908 4096 4096 0 0 0 0 
4340
0 4432 130880 0 0 4464 0 0 18 2 6 0 32 1 4096 0 0 0 2 130896 9 130984 10 4 4872 4908 4096 4096 0 0 0 0 
4096
0 4344 130880 0 0 4464 0 0 18 2 6 0 32 1 4096 0 0 0 2 130896 9 130984 10 4 4872 4908 4096 4096 0 0 0 0 
4100
0 4344 130880 0 0 4464 0 0 18 2 6 0 32 1 4096 0 0 0 2 130896 9 130984 10 4 4872 4908 4096 4096 0 0 0 0 
4104
0 4344 130880 0 0 4464 0 0 18 2 6 0 32 1 4096 1228 0 0 2 130896 9 130984 10 4 4872 4908 4096 4096 0 0 0 0 
4108
0 4344 130880 0 0 4464 0 0 18 2 1226 0 32 1 4096 1228 0 0 2 130896 9 130984 10 4 4872 4908 4096 4096 0 0 0 0 
4112
0 4344 130880 0 0 4464 0 0 18 2 1399 0 32 1 4096 1228 0 0 2 130896 9 130984 10 4 4872 4908 4096 4096 0 0 0 0 
4116
0 4344 130880 0 0 4464 0 0 18 2 1399 0 32 1 4096 1228 0 0 2 130896 9 130984 10 4 4872 4908 4096 4096 0 0 0 0 
4344
0 4344 130880 0 0 4464 0 0 18 2 1399 0 32 1 4096 1228 0 0 2 130896 9 130984 10 4 4872 4908 4096 4096 0 0 0 0 
4348
0 4344 130880 0 0 4464 0 0 18 2 1399 0 32 1 4096 1228 0 0 2 130896 10 130984 10 4 4872 4908 4096 4096 0 0 0 0 
4352
0 4344 130880 0 0 4464 0 0 18 2 1399 0 32 1 4096 1228 0 0 2 130896 10 130984 10 4 4872 4908 4096 4096 0 0 0 0 
4356
0 4344 130880 0 0 4464 0 0 18 2 1399 0 32 1 4096 1228 0 0 2 130896 10 130984 10 4 4872 4912 4096 4096 0 0 0 0 
4360
0 4344 130880 0 0 4464 0 0 18 2 1399 0 32 1 4096 1228 0 0 2 130896 10 130988 10 4 4872 4912 4096 4096 0 0 0 0 
4364
0 4344 130880 0 0 4464 0 0 18 2 1399 0 32 1 4096 1228 0 0 2 130896 10 130988 10 4 4872 4912 4096 4096 0 0 0 0 
4368
0 4344 130880 0 0 4464 0 0 18 2 1399 0 32 1 4096 0 0 0 2 130896 10 130988 10 4 4872 4912 4096 4096 0 0 0 0 
4408
0 4344 130880 0 0 4464 0 0 18 2 1399 0 32 1 4096 0 0 0 2 130896 10 130988 10 4 4872 4912 4096 4096 0 0 0 0 
4412
0 4344 130880 0 0 4464 0 0 18 2 1399 0 32 1 4096 0 0 0 2 130896 10 130988 10 4 4872 4912 4096 4096 0 0 0 0 
4416
0 4344 130880 0 0 4464 0 0 18 2 1399 0 32 1 4096 0 0 0 2 130896 10 130988 10 4 4872 4912 4096 4096 0 0 0 0 
4420
0 4344 130880 0 0 4464 0 0 18 2 1399 0 32 1 4096 0 0 0 2 130896 10 130988 10 4 4872 4912 4096 4096 0 0 0 0 
4424
0 4344 130880 0 0 4464 0 0 18 2 1399 10 32 1 4096 0 0 0 2 130896 10 130988 10 4 4872 4912 4096 4096 0 0 0 0 
4428
0 4344 130880 0 0 4464 0 0 18 2 2 10 32 1 4096 0 0 0 2 130896 10 130988 10 4 4872 4912 4096 4096 0 0 0 0 
4648
0 4432 130880 0 0 4464 0 0 18 2 2 10 32 1 4096 0 0 0 2 130896 10 130988 10 4 4872 4912 4096 4096 0 0 0 0 
4652
0 4432 130880 0 0 4464 0 0 18 2 2 10 2 1 4096 0 0 0 2 130896 10 130988 10 4 4872 4912 4096 4096 0 0 0 0 
4656
0 4432 130880 0 0 4464 0 0 18 2 0 10 2 1 4096 0 0 0 2 130896 10 130988 10 4 4872 4912 4096 4096 0 0 0 0 
4660
0 4432 130880 0 0 4464 0 0 18 2 0 10 2 0 4096 0 0 0 2 130896 10 130988 10 4 4872 4912 4096 4096 0 0 0 0 
4668
0 4432 130880 0 0 4464 0 0 18 2 0 10 2 0 4096 0 0 0 2 130896 10 130988 10 4 4872 4912 4096 4096 0 0 0 0 
4672
0 4432 130880 0 0 4464 0 0 18 2 0 5 2 0 4096 0 0 0 2 130896 10 130988 10 4 4872 4912 4096 4096 0 0 0 0 
4676
0 4432 130880 0 0 4464 0 0 18 2 0 5 4 0 4096 0 0 0 2 130896 10 130988 10 4 4872 4912 4096 4096 0 0 0 0 
4656
0 4432 130880 0 0 4464 0 0 18 2 0 5 4 0 4096 0 0 0 2 130896 10 130988 10 4 4872 4912 4096 4096 0 0 0 0 
4660
0 4432 130880 0 0 4464 0 0 18 2 0 5 4 1 4096 0 0 0 2 130896 10 130988 10 4 4872 4912 4096 4096 0 0 0 0 
4664
0 4432 130880 0 0 4464 0 0 18 2 0 5 4 1 4096 0 0 0 2 130896 10 130988 10 4 4872 4912 4096 4096 0 0 0 0 
4668
0 4432 130880 0 0 4464 0 0 18 2 4 5 4 1 4096 0 0 0 2 130896 10 130988 10 4 4872 4912 4096 4096 0 0 0 0 
4672
0 4432 130880 0 0 4464 0 0 18 2 4 2 4 1 4096 0 0 0 2 130896 10 130988 10 4 4872 4912 4096 4096 0 0 0 0 
4676
0 4432 130880 0 0 4464 0 0 18 2 4 2 8 1 4096 0 0 0 2 130896 10 130988 10 4 4872 4912 4096 4096 0 0 0 0 
4656
0 4432 130880 0 0 4464 0 0 18 2 4 2 8 1 4096 0 0 0 2 130896 10 130988 10 4 4872 4912 4096 4096 0 0 0 0 
4660
0 4432 130880 0 0 4464 0 0 18 2 4 2 8 0 4096 0 0 0 2 130896 10 130988 10 4 4872 4912 4096 4096 0 0 0 0 
4668
0 4432 130880 0 0 4464 0 0 18 2 4 2 8 0 4096 0 0 0 2 130896 10 130988 10 4 4872 4912 4096 4096 0 0 0 0 
4672
0 4432 130880 0 0 4464 0 0 18 2 4 1 8 0 4096 0 0 0 2 130896 10 130988 10 4 4872 4912 4096 4096 0 0 0 0 
4676
0 4432 130880 0 0 4464 0 0 18 2 4 1 16 0 4096 0 0 0 2 130896 10 130988 10 4 4872 4912 4096 4096 0 0 0 0 
4656
0 4432 130880 0 0 4464 0 0 18 2 4 1 16 0 4096 0 0 0 2 130896 10 130988 10 4 4872 4912 4096 4096 0 0 0 0 
4660
0 4432 130880 0 0 4464 0 0 18 2 4 1 16 1 4096 0 0 0 2 130896 10 130988 10 4 4872 4912 4096 4096 0 0 0 0 
4664
0 4432 130880 0 0 4464 0 0 18 2 4 1 16 1 4096 0 0 0 2 130896 10 130988 10 4 4872 4912 4096 4096 0 0 0 0 
4668
0 4432 130880 0 0 4464 0 0 18 2 20 1 16 1 4096 0 0 0 2 130896 10 130988 10 4 4872 4912 4096 4096 0 0 0 0 
4672
0 4432 130880 0 0 4464 0 0 18 2 20 0 16 1 4096 0 0 0 2 130896 10 130988 10 4 4872 4912 4096 4096 0 0 0 0 
4676
0 4432 130880 0 0 4464 0 0 18 2 20 0 32 1 4096 0 0 0 2 130896 10 130988 10 4 4872 4912 4096 4096 0 0 0 0 
4680
0 4432 130880 0 0 4464 0 0 18 2 20 0 32 1 4096 0 0 0 2 130896 10 130988 10 4 4872 4912 4096 4096 0 0 0 0 
4432
0 4432 130880 0 0 4464 0 0 18 2 20 0 32 1 4096 0 0 0 2 130896 10 130988 10 4 4872 4912 4096 4096 0 0 0 0 
4436
0 4432 130880 0 0 4464 0 0 20 2 20 0 32 1 4096 0 0 0 2 130896 10 130988 10 4 4872 4912 4096 4096 0 0 0 0 
4336
0 4432 130880 0 0 4464 0 0 20 2 20 0 32 1 4096 0 0 0 2 130896 10 130988 10 4 4872 4912 4096 4096 0 0 0 0 
4340
0 4432 130880 0 0 4464 0 0 20 2 4 0 32 1 4096 0 0 0 2 130896 10 130988 10 4 4872 4912 4096 4096 0 0 0 0 
4096
0 4344 130880 0 0 4464 0 0 20 2 4 0 32 1 4096 0 0 0 2 130896 10 130988 10 4 4872 4912 4096 4096 0 0 0 0 
4100
0 4344 130880 0 0 4464 0 0 20 2 4 0 32 1 4096 0 0 0 2 130896 10 130988 10 4 4872 4912 4096 4096 0 0 0 0 
4104
0 4344 130880 0 0 4464 0 0 20 2 4 0 32 1 4096 1399 0 0 2 130896 10 130988 10 4 4872 4912 4096 4096 0 0 0 0 
4108
0 4344 130880 0 0 4464 0 0 20 2 1395 0 32 1 4096 1399 0 0 2 130896 10 130988 10 4 4872 4912 4096 4096 0 0 0 0 
4112
0 4344 130880 0 0 4464 0 0 20 2 1568 0 32 1 4096 1399 0 0 2 130896 10 130988 10 4 4872 4912 4096 4096 0 0 0 0 
4116
0 4344 130880 0 0 4464 0 0 20 2 1568 0 32 1 4096 1399 0 0 2 130896 10 130988 10 4 4872 4912 4096 4096 0 0 0 0 
4344
0 4344 130880 0 0 4464 0 0 20 2 1568 0 32 1 4096 1399 0 0 2 130896 10 130988 10 4 4872 4912 4096 4096 0 0 0 0 
4348
0 4344 130880 0 0 4464 0 0 20 2 1568 0 32 1 4096 1399 0 0 2 130896 11 130988 10 4 4872 4912 4096 4096 0 0 0 0 
4352
0 4344 130880 0 0 4464 0 0 20 2 1568 0 32 1 4096 1399 0 0 2 130896 11 130988 10 4 4872 4912 4096 4096 0 0 0 0 
4356
0 4344 130880 0 0 4464 0 0 20 2 1568 0 32 1 4096 1399 0 0 2 130896 11 130988 10 4 4872 4916 4096 4096 0 0 0 0 
4360
0 4344 130880 0 0 4464 0 0 20 2 1568 0 32 1 4096 1399 0 0 2 130896 11 130992 10 4 4872 4916 4096 4096 0 0 0 0 
4572
0 4344 130880 0 0 4464 0 0 20 2 1568 0 32 1 4096 1399 0 0 2 130896 11 130992 10 4 4872 4916 4096 4096 0 0 0 0 
4576
0 4344 130880 0 0 4464 0 0 20 2 1568 253 32 1 4096 1399 0 0 2 130896 11 130992 10 4 4872 4916 4096 4096 0 0 0 0 
4580
0 4344 130880 0 0 4464 0 0 20 2 1568 253 32 1 4096 4096 0 0 2 130896 11 130992 10 4 4872 4916 4096 4096 0 0 0 0 
4584
0 4344 130880 0 0 4464 0 0 20 2 1568 253 32 1 4096 4096 0 0 2 130896 11 130992 10 4 4872 4916 4096 4096 0 0 0 0 
4816
0 4588 130880 0 0 4464 0 0 20 2 1568 253 32 1 4096 4096 0 0 2 130896 11 130992 10 4 4872 4916 4096 4096 0 0 0 0 
4820
0 4588 130880 0 0 4588 0 0 20 2 1568 253 32 1 4096 4096 0 0 2 130896 11 130992 10 4 4872 4916 4096 4096 0 0 0 0 
4824
0 4588 130880 0 0 4588 0 0 20 2 1568 253 32 1 4096 4096 0 0 2 130896 11 130992 10 4 4872 4916 4096 4096 0 0 0 0 
4828
0 4588 130880 0 0 4588 0 0 20 2 1568 253 32 1 4096 4096 0 0 2 130896 11 130992 10 4 4872 4916 4096 4096 0 0 0 0 
4692
0 4832 130880 0 0 4588 0 0 20 2 1568 253 32 1 4096 4096 0 0 2 130896 11 130992 10 4 4872 4916 4096 4096 0 0 0 0 
4696
0 4832 130880 0 0 4588 0 0 20 2 1568 253 253 1 4096 4096 0 0 2 130896 11 130992 10 4 4872 4916 4096 4096 0 0 0 0 
4700
0 4832 130880 0 0 4588 0 0 20 2 1568 1568 253 1 4096 4096 0 0 2 130896 11 130992 10 4 4872 4916 4096 4096 0 0 0 0 
4704
0 4832 130880 0 0 4588 0 0 20 2 -1 1568 253 1 4096 4096 0 0 2 130896 11 130992 10 4 4872 4916 4096 4096 0 0 0 0 
4708
0 4832 130880 0 0 4588 0 0 20 2 -1 1568 253 1 4096 4096 0 0 2 130896 11 130992 10 4 4872 4916 4096 4096 0 0 0 0 
4712
0 4832 130880 0 0 4588 0 0 20 2 -1 1568 253 1 4096 4096 0 0 2 130896 11 130992 10 4 4872 4916 4096 4096 0 0 0 0 
4716
0 4832 130880 0 0 4588 0 0 20 2 -1 1568 253 1 4096 4096 0 0 2 130896 11 130992 10 4 4872 4916 4096 4096 0 0 0 0 
4720
0 4832 130880 0 0 4588 0 0 20 2 -1 1568 253 1 4096 4096 0 0 2 130896 11 130992 10 4 4872 4916 4096 4096 0 0 0 0 
4724
0 4832 130880 0 0 4588 0 0 20 2 -1 1568 506 1 4096 4096 0 0 2 130896 11 130992 10 4 4872 4916 4096 4096 0 0 0 0 
4728
0 4832 130880 0 0 4588 0 0 20 2 -1 1568 506 2 4096 4096 0 0 2 130896 11 130992 10 4 4872 4916 4096 4096 0 0 0 0 
4716
0 4832 130880 0 0 4588 0 0 20 2 -1 1568 506 2 4096 4096 0 0 2 130896 11 130992 10 4 4872 4916 4096 4096 0 0 0 0 
4720
0 4832 130880 0 0 4588 0 0 20 2 -1 1568 506 2 4096 4096 0 0 2 130896 11 130992 10 4 4872 4916 4096 4096 0 0 0 0 
4724
0 4832 130880 0 0 4588 0 0 20 2 -1 1568 1012 2 4096 4096 0 0 2 130896 11 130992 10 4 4872 4916 4096 4096 0 0 0 0 
4728
0 4832 130880 0 0 4588 0 0 20 2 -1 1568 1012 4 4096 4096 0 0 2 130896 11 130992 10 4 4872 4916 4096 4096 0 0 0 0 
4716
0 4832 130880 0 0 4588 0 0 20 2 -1 1568 1012 4 4096 4096 0 0 2 130896 11 130992 10 4 4872 4916 4096 4096 0 0 0 0 
4720
0 4832 130880 0 0 4588 0 0 20 2 -1 1568 1012 4 4096 4096 0 0 2 130896 11 130992 10 4 4872 4916 4096 4096 0 0 0 0 
4724
0 4832 130880 0 0 4588 0 0 20 2 -1 1568 2024 4 4096 4096 0 0 2 130896 11 130992 10 4 4872 4916 4096 4096 0 0 0 0 
4728
0 4832 130880 0 0 4588 0 0 20 2 -1 1568 2024 8 4096 4096 0 0 2 130896 11 130992 10 4 4872 4916 4096 4096 0 0 0 0 
4732
0 4832 130880 0 0 4588 0 0 20 2 -1 1568 2024 8 4096 4096 0 0 2 130896 11 130992 10 4 4872 4916 4096 4096 0 0 0 0 
4736
0 4832 130880 0 0 4588 0 0 20 2 0 1568 2024 8 4096 4096 0 0 2 130896 11 130992 10 4 4872 4916 4096 4096 0 0 0 0 
4748
0 4832 130880 0 0 4588 0 0 20 2 0 1568 2024 8 4096 4096 0 0 2 130896 11 130992 10 4 4872 4916 4096 4096 0 0 0 0 
4752
0 4832 130880 0 0 4588 0 0 20 2 0 1568 2024 4 4096 4096 0 0 2 130896 11 130992 10 4 4872 4916 4096 4096 0 0 0 0 
4756
0 4832 130880 0 0 4588 0 0 20 2 0 1568 1012 4 4096 4096 0 0 2 130896 11 130992 10 4 4872 4916 4096 4096 0 0 0 0 
4736
0 4832 130880 0 0 4588 0 0 20 2 0 1568 1012 4 4096 4096 0 0 2 130896 11 130992 10 4 4872 4916 4096 4096 0 0 0 0 
4740
0 4832 130880 0 0 4588 0 0 20 2 0 1568 1012 4 4096 4096 0 0 2 130896 11 130992 10 4 4872 4916 4096 4096 0 0 0 0 
4744
0 4832 130880 0 0 4588 0 0 20 2 0 556 1012 4 4096 4096 0 0 2 130896 11 130992 10 4 4872 4916 4096 4096 0 0 0 0 
4748
0 4832 130880 0 0 4588 0 0 20 2 4 556 1012 4 4096 4096 0 0 2 130896 11 130992 10 4 4872 4916 4096 4096 0 0 0 0 
4752
0 4832 130880 0 0 4588 0 0 20 2 4 556 1012 2 4096 4096 0 0 2 130896 11 130992 10 4 4872 4916 4096 4096 0 0 0 0 
4756
0 4832 130880 0 0 4588 0 0 20 2 4 556 506 2 4096 4096 0 0 2 130896 11 130992 10 4 4872 4916 4096 4096 0 0 0 0 
4736
0 4832 130880 0 0 4588 0 0 20 2 4 556 506 2 4096 4096 0 0 2 130896 11 130992 10 4 4872 4916 4096 4096 0 0 0 0 
4740
0 4832 130880 0 0 4588 0 0 20 2 4 556 506 2 4096 4096 0 0 2 130896 11 130992 10 4 4872 4916 4096 4096 0 0 0 0 
4744
0 4832 130880 0 0 4588 0 0 20 2 4 50 506 2 4096 4096 0 0 2 130896 11 130992 10 4 4872 4916 4096 4096 0 0 0 0 
4748
0 4832 130880 0 0 4588 0 0 20 2 6 50 506 2 4096 4096 0 0 2 130896 11 130992 10 4 4872 4916 4096 4096 0 0 0 0 
4752
0 4832 130880 0 0 4588 0 0 20 2 6 50 506 1 4096 4096 0 0 2 130896 11 130992 10 4 4872 4916 4096 4096 0 0 0 0 
4756
0 4832 130880 0 0 4588 0 0 20 2 6 50 253 1 4096 4096 0 0 2 130896 11 130992 10 4 4872 4916 4096 4096 0 0 0 0 
4736
0 4832 130880 0 0 4588 0 0 20 2 6 50 253 1 4096 4096 0 0 2 130896 11 130992 10 4 4872 4916 4096 4096 0 0 0 0 
4748
0 4832 130880 0 0 4588 0 0 20 2 6 50 253 1 4096 4096 0 0 2 130896 11 130992 10 4 4872 4916 4096 4096 0 0 0 0 
4752
0 4832 130880 0 0 4588 0 0 20 2 6 50 253 0 4096 4096 0 0 2 130896 11 130992 10 4 4872 4916 4096 4096 0 0 0 0 
4756
0 4832 130880 0 0 4588 0 0 20 2 6 50 126 0 4096 4096 0 0 2 130896 11 130992 10 4 4872 4916 4096 4096 0 0 0 0 
4760
0 4832 130880 0 0 4588 0 0 20 2 6 50 126 0 4096 4096 0 0 2 130896 11 130992 10 4 4872 4916 4096 4096 0 0 0 0 
4832
0 4832 130880 0 0 4588 0 0 20 2 6 50 126 0 4096 4096 0 0 2 130896 11 130992 10 4 4872 4916 4096 4096 0 0 0 0 
4836
0 4832 130880 0 0 4588 0 0 20 2 50 50 126 0 4096 4096 0 0 2 130896 11 130992 10 4 4872 4916 4096 4096 0 0 0 0 
4588
0 4832 130880 0 0 4588 0 0 20 2 50 50 126 0 4096 4096 0 0 2 130896 11 130992 10 4 4872 4916 4096 4096 0 0 0 0 
4592
0 8 130880 0 0 4588 0 0 20 2 50 50 126 0 4096 4096 0 0 2 130896 11 130992 10 4 4872 4916 4096 4096 0 0 0 0 
4596
0 8 130880 0 0 4588 0 0 0 2 50 50 126 0 4096 4096 0 0 2 130896 11 130992 10 4 4872 4916 4096 4096 0 0 0 0 
4600
0 8 130880 0 0 4588 0 0 0 0 50 50 126 0 4096 4096 0 0 2 130896 11 130992 10 4 4872 4916 4096 4096 0 0 0 0 
4604
0 8 130880 0 0 4588 0 0 0 0 50 50 126 0 4096 4096 0 0 0 130896 11 130992 10 4 4872 4916 4096 4096 0 0 0 0 
4608
0 8 130880 0 0 4588 0 0 0 0 50 50 126 0 4096 4096 0 0 0 0 11 130992 10 4 4872 4916 4096 4096 0 0 0 0 
4612
0 8 130880 0 0 4588 0 0 0 0 50 50 126 0 4096 4096 0 0 0 0 0 130992 10 4 4872 4916 4096 4096 0 0 0 0 
4616
0 8 130880 0 0 4588 0 0 0 0 50 50 126 0 4096 4096 0 0 0 0 0 0 10 4 4872 4916 4096 4096 0 0 0 0 
4620
0 8 130880 0 0 4588 0 0 0 0 50 50 126 0 4096 4096 0 0 0 0 0 0 0 4 4872 4916 4096 4096 0 0 0 0 
4624
0 8 130880 0 0 4588 0 0 0 0 50 50 126 0 4096 4096 0 0 0 0 0 0 0 0 4872 4916 4096 4096 0 0 0 0 
4628
0 8 130880 0 0 4588 0 0 0 0 50 50 126 0 4096 4096 0 0 0 0 0 0 0 0 0 4916 4096 4096 0 0 0 0 
4632
0 8 130880 0 0 4588 0 0 0 0 50 50 126 0 4096 4096 0 0 0 0 0 0 0 0 0 0 4096 4096 0 0 0 0 
4636
0 8 130880 0 0 4588 0 0 0 0 50 50 126 0 4096 4096 0 0 0 0 0 0 0 0 0 0 0 4096 0 0 0 0 
4640
0 8 130880 0 0 4588 0 0 0 0 50 50 126 0 4096 4096 0 0 0 0 0 0 0 0 0 0 0 0 0 0 0 0 
4644
0 8 131072 0 0 4588 0 0 0 0 50 50 126 0 4096 4096 0 0 0 0 0 0 0 0 0 0 0 0 0 0 0 0 
8
0 8 131072 0 0 4588 0 0 0 0 50 50 126 0 4096 4096 0 0 0 0 0 0 0 0 0 0 0 0 0 0 0 0 
50